# JRE version: Java(TM) SE Runtime Environment (8.0_141-b15) (build 1.8.0_141-b15)
# Java VM: Java HotSpot(TM) 64-Bit Server VM (25.141-b15 mixed mode bsd-amd64 compressed oops)
Heap:
 PSYoungGen      total 192000K, used 119229K [0x00000007a0000000, 0x00000007b2c80000, 0x00000007c0000000)
  eden space 179712K, 61% used [0x00000007a0000000,0x00000007a6b650b8,0x00000007aaf80000)
  from space 12288K, 75% used [0x00000007aaf80000,0x00000007ab88a4f8,0x00000007abb80000)
  to   space 12800K, 0% used [0x00000007b2000000,0x00000007b2000000,0x00000007b2c80000)
 ParOldGen       total 57856K, used 23161K [0x0000000760000000, 0x0000000763880000, 0x00000007a0000000)
  object space 57856K, 40% used [0x0000000760000000,0x000000076169e538,0x0000000763880000)
 Metaspace       used 54401K, capacity 55936K, committed 56064K, reserved 1097728K
  class space    used 7507K, capacity 7864K, committed 7936K, reserved 1048576K
GC Heap History (10 events):
Event: 57.673 GC heap before
{Heap before GC invocations=9 (full 1):
 PSYoungGen      total 72704K, used 68141K [0x00000007a0000000, 0x00000007a8480000, 0x00000007c0000000)
  eden space 61952K, 100% used [0x00000007a0000000,0x00000007a3c80000,0x00000007a3c80000)
  from space 10752K, 57% used [0x00000007a3c80000,0x00000007a428b6a8,0x00000007a4700000)
  to   space 9728K, 0% used [0x00000007a7b00000,0x00000007a7b00000,0x00000007a8480000)
 ParOldGen       total 51712K, used 8589K [0x0000000760000000, 0x0000000763280000, 0x00000007a0000000)
  object space 51712K, 16% used [0x0000000760000000,0x0000000760863460,0x0000000763280000)
 Metaspace       used 33468K, capacity 34082K, committed 34432K, reserved 1079296K
  class space    used 4696K, capacity 4921K, committed 4992K, reserved 1048576K
Event: 57.708 GC heap after
Heap after GC invocations=9 (full 1):
 PSYoungGen      total 123904K, used 9721K [0x00000007a0000000, 0x00000007a8580000, 0x00000007c0000000)
  eden space 114176K, 0% used [0x00000007a0000000,0x00000007a0000000,0x00000007a6f80000)
  from space 9728K, 99% used [0x00000007a7b00000,0x00000007a847e4a0,0x00000007a8480000)
  to   space 11264K, 0% used [0x00000007a6f80000,0x00000007a6f80000,0x00000007a7a80000)
 ParOldGen       total 51712K, used 9049K [0x0000000760000000, 0x0000000763280000, 0x00000007a0000000)
  object space 51712K, 17% used [0x0000000760000000,0x00000007608d6410,0x0000000763280000)
 Metaspace       used 33468K, capacity 34082K, committed 34432K, reserved 1079296K
  class space    used 4696K, capacity 4921K, committed 4992K, reserved 1048576K
}
Event: 57.951 GC heap before
{Heap before GC invocations=10 (full 1):
 PSYoungGen      total 123904K, used 24072K [0x00000007a0000000, 0x00000007a8580000, 0x00000007c0000000)
  eden space 114176K, 12% used [0x00000007a0000000,0x00000007a0e03ca8,0x00000007a6f80000)
  from space 9728K, 99% used [0x00000007a7b00000,0x00000007a847e4a0,0x00000007a8480000)
  to   space 11264K, 0% used [0x00000007a6f80000,0x00000007a6f80000,0x00000007a7a80000)
 ParOldGen       total 51712K, used 9049K [0x0000000760000000, 0x0000000763280000, 0x00000007a0000000)
  object space 51712K, 17% used [0x0000000760000000,0x00000007608d6410,0x0000000763280000)
 Metaspace       used 34847K, capacity 35266K, committed 35416K, reserved 1079296K
  class space    used 4878K, capacity 5061K, committed 5120K, reserved 1048576K
Event: 58.043 GC heap after
Heap after GC invocations=10 (full 1):
 PSYoungGen      total 125440K, used 6466K [0x00000007a0000000, 0x00000007ac600000, 0x00000007c0000000)
  eden space 114176K, 0% used [0x00000007a0000000,0x00000007a0000000,0x00000007a6f80000)
  from space 11264K, 57% used [0x00000007a6f80000,0x00000007a75d0a28,0x00000007a7a80000)
  to   space 10752K, 0% used [0x00000007abb80000,0x00000007abb80000,0x00000007ac600000)
 ParOldGen       total 51712K, used 10033K [0x0000000760000000, 0x0000000763280000, 0x00000007a0000000)
  object space 51712K, 19% used [0x0000000760000000,0x00000007609cc450,0x0000000763280000)
 Metaspace       used 34847K, capacity 35266K, committed 35416K, reserved 1079296K
  class space    used 4878K, capacity 5061K, committed 5120K, reserved 1048576K
}
Event: 58.043 GC heap before
{Heap before GC invocations=11 (full 2):
 PSYoungGen      total 125440K, used 6466K [0x00000007a0000000, 0x00000007ac600000, 0x00000007c0000000)
  eden space 114176K, 0% used [0x00000007a0000000,0x00000007a0000000,0x00000007a6f80000)
  from space 11264K, 57% used [0x00000007a6f80000,0x00000007a75d0a28,0x00000007a7a80000)
  to   space 10752K, 0% used [0x00000007abb80000,0x00000007abb80000,0x00000007ac600000)
 ParOldGen       total 51712K, used 10033K [0x0000000760000000, 0x0000000763280000, 0x00000007a0000000)
  object space 51712K, 19% used [0x0000000760000000,0x00000007609cc450,0x0000000763280000)
 Metaspace       used 34847K, capacity 35266K, committed 35416K, reserved 1079296K
  class space    used 4878K, capacity 5061K, committed 5120K, reserved 1048576K
Event: 58.170 GC heap after
Heap after GC invocations=11 (full 2):
 PSYoungGen      total 125440K, used 0K [0x00000007a0000000, 0x00000007ac600000, 0x00000007c0000000)
  eden space 114176K, 0% used [0x00000007a0000000,0x00000007a0000000,0x00000007a6f80000)
  from space 11264K, 0% used [0x00000007a6f80000,0x00000007a6f80000,0x00000007a7a80000)
  to   space 10752K, 0% used [0x00000007abb80000,0x00000007abb80000,0x00000007ac600000)
 ParOldGen       total 57856K, used 13828K [0x0000000760000000, 0x0000000763880000, 0x00000007a0000000)
  object space 57856K, 23% used [0x0000000760000000,0x0000000760d813c0,0x0000000763880000)
 Metaspace       used 34847K, capacity 35266K, committed 35416K, reserved 1079296K
  class space    used 4878K, capacity 5061K, committed 5120K, reserved 1048576K
}
Event: 59.995 GC heap before
{Heap before GC invocations=12 (full 2):
 PSYoungGen      total 125440K, used 114176K [0x00000007a0000000, 0x00000007ac600000, 0x00000007c0000000)
  eden space 114176K, 100% used [0x00000007a0000000,0x00000007a6f80000,0x00000007a6f80000)
  from space 11264K, 0% used [0x00000007a6f80000,0x00000007a6f80000,0x00000007a7a80000)
  to   space 10752K, 0% used [0x00000007abb80000,0x00000007abb80000,0x00000007ac600000)
 ParOldGen       total 57856K, used 13828K [0x0000000760000000, 0x0000000763880000, 0x00000007a0000000)
  object space 57856K, 23% used [0x0000000760000000,0x0000000760d813c0,0x0000000763880000)
 Metaspace       used 43567K, capacity 44356K, committed 44544K, reserved 1087488K
  class space    used 6032K, capacity 6283K, committed 6400K, reserved 1048576K
Event: 60.008 GC heap after
Heap after GC invocations=12 (full 2):
 PSYoungGen      total 190464K, used 10732K [0x00000007a0000000, 0x00000007ac780000, 0x00000007c0000000)
  eden space 179712K, 0% used [0x00000007a0000000,0x00000007a0000000,0x00000007aaf80000)
  from space 10752K, 99% used [0x00000007abb80000,0x00000007ac5fb3e8,0x00000007ac600000)
  to   space 12288K, 0% used [0x00000007aaf80000,0x00000007aaf80000,0x00000007abb80000)
 ParOldGen       total 57856K, used 15036K [0x0000000760000000, 0x0000000763880000, 0x00000007a0000000)
  object space 57856K, 25% used [0x0000000760000000,0x0000000760eaf0c0,0x0000000763880000)
 Metaspace       used 43567K, capacity 44356K, committed 44544K, reserved 1087488K
  class space    used 6032K, capacity 6283K, committed 6400K, reserved 1048576K
}
Event: 62.650 GC heap before
{Heap before GC invocations=13 (full 2):
 PSYoungGen      total 190464K, used 190444K [0x00000007a0000000, 0x00000007ac780000, 0x00000007c0000000)
  eden space 179712K, 100% used [0x00000007a0000000,0x00000007aaf80000,0x00000007aaf80000)
  from space 10752K, 99% used [0x00000007abb80000,0x00000007ac5fb3e8,0x00000007ac600000)
  to   space 12288K, 0% used [0x00000007aaf80000,0x00000007aaf80000,0x00000007abb80000)
 ParOldGen       total 57856K, used 15036K [0x0000000760000000, 0x0000000763880000, 0x00000007a0000000)
  object space 57856K, 25% used [0x0000000760000000,0x0000000760eaf0c0,0x0000000763880000)
 Metaspace       used 48508K, capacity 49808K, committed 50048K, reserved 1091584K
  class space    used 6646K, capacity 7001K, committed 7040K, reserved 1048576K
Event: 62.693 GC heap after
Heap after GC invocations=13 (full 2):
 PSYoungGen      total 192000K, used 9257K [0x00000007a0000000, 0x00000007b2c80000, 0x00000007c0000000)
  eden space 179712K, 0% used [0x00000007a0000000,0x00000007a0000000,0x00000007aaf80000)
  from space 12288K, 75% used [0x00000007aaf80000,0x00000007ab88a4f8,0x00000007abb80000)
  to   space 12800K, 0% used [0x00000007b2000000,0x00000007b2000000,0x00000007b2c80000)
 ParOldGen       total 57856K, used 23161K [0x0000000760000000, 0x0000000763880000, 0x00000007a0000000)
  object space 57856K, 40% used [0x0000000760000000,0x000000076169e538,0x0000000763880000)
 Metaspace       used 48508K, capacity 49808K, committed 50048K, reserved 1091584K
  class space    used 6646K, capacity 7001K, committed 7040K, reserved 1048576K
}

