# JRE version: Java(TM) SE Runtime Environment (8.0_141-b15) (build 1.8.0_141-b15)
# Java VM: Java HotSpot(TM) 64-Bit Server VM (25.141-b15 mixed mode bsd-amd64 compressed oops)
Heap:
 PSYoungGen      total 181248K, used 110669K [0x00000007a0000000, 0x00000007b0500000, 0x00000007c0000000)
  eden space 166912K, 57% used [0x00000007a0000000,0x00000007a5e13bd0,0x00000007aa300000)
  from space 14336K, 99% used [0x00000007aa300000,0x00000007ab0ff9c0,0x00000007ab100000)
  to   space 17920K, 0% used [0x00000007af380000,0x00000007af380000,0x00000007b0500000)
 ParOldGen       total 83456K, used 22813K [0x0000000760000000, 0x0000000765180000, 0x00000007a0000000)
  object space 83456K, 27% used [0x0000000760000000,0x00000007616475f8,0x0000000765180000)
 Metaspace       used 54416K, capacity 55940K, committed 56064K, reserved 1097728K
  class space    used 7512K, capacity 7864K, committed 7936K, reserved 1048576K
GC Heap History (10 events):
Event: 4.291 GC heap before
{Heap before GC invocations=7 (full 1):
 PSYoungGen      total 71680K, used 66560K [0x00000007a0000000, 0x00000007a9600000, 0x00000007c0000000)
  eden space 66560K, 100% used [0x00000007a0000000,0x00000007a4100000,0x00000007a4100000)
  from space 5120K, 0% used [0x00000007a4100000,0x00000007a4100000,0x00000007a4600000)
  to   space 10240K, 0% used [0x00000007a8c00000,0x00000007a8c00000,0x00000007a9600000)
 ParOldGen       total 57856K, used 8569K [0x0000000760000000, 0x0000000763880000, 0x00000007a0000000)
  object space 57856K, 14% used [0x0000000760000000,0x000000076085e408,0x0000000763880000)
 Metaspace       used 25732K, capacity 26052K, committed 26368K, reserved 1071104K
  class space    used 3601K, capacity 3733K, committed 3840K, reserved 1048576K
Event: 4.301 GC heap after
Heap after GC invocations=7 (full 1):
 PSYoungGen      total 114688K, used 6533K [0x00000007a0000000, 0x00000007a9280000, 0x00000007c0000000)
  eden space 108032K, 0% used [0x00000007a0000000,0x00000007a0000000,0x00000007a6980000)
  from space 6656K, 98% used [0x00000007a8c00000,0x00000007a9261798,0x00000007a9280000)
  to   space 9728K, 0% used [0x00000007a7f80000,0x00000007a7f80000,0x00000007a8900000)
 ParOldGen       total 57856K, used 8577K [0x0000000760000000, 0x0000000763880000, 0x00000007a0000000)
  object space 57856K, 14% used [0x0000000760000000,0x0000000760860408,0x0000000763880000)
 Metaspace       used 25732K, capacity 26052K, committed 26368K, reserved 1071104K
  class space    used 3601K, capacity 3733K, committed 3840K, reserved 1048576K
}
Event: 33.605 GC heap before
{Heap before GC invocations=8 (full 1):
 PSYoungGen      total 114688K, used 113489K [0x00000007a0000000, 0x00000007a9280000, 0x00000007c0000000)
  eden space 108032K, 99% used [0x00000007a0000000,0x00000007a6872fc0,0x00000007a6980000)
  from space 6656K, 98% used [0x00000007a8c00000,0x00000007a9261798,0x00000007a9280000)
  to   space 9728K, 0% used [0x00000007a7f80000,0x00000007a7f80000,0x00000007a8900000)
 ParOldGen       total 57856K, used 8577K [0x0000000760000000, 0x0000000763880000, 0x00000007a0000000)
  object space 57856K, 14% used [0x0000000760000000,0x0000000760860408,0x0000000763880000)
 Metaspace       used 34822K, capacity 35266K, committed 35416K, reserved 1079296K
  class space    used 4873K, capacity 5061K, committed 5120K, reserved 1048576K
Event: 33.625 GC heap after
Heap after GC invocations=8 (full 1):
 PSYoungGen      total 140288K, used 9701K [0x00000007a0000000, 0x00000007abd80000, 0x00000007c0000000)
  eden space 130560K, 0% used [0x00000007a0000000,0x00000007a0000000,0x00000007a7f80000)
  from space 9728K, 99% used [0x00000007a7f80000,0x00000007a88f95a0,0x00000007a8900000)
  to   space 12800K, 0% used [0x00000007ab100000,0x00000007ab100000,0x00000007abd80000)
 ParOldGen       total 57856K, used 11868K [0x0000000760000000, 0x0000000763880000, 0x00000007a0000000)
  object space 57856K, 20% used [0x0000000760000000,0x0000000760b970e0,0x0000000763880000)
 Metaspace       used 34822K, capacity 35266K, committed 35416K, reserved 1079296K
  class space    used 4873K, capacity 5061K, committed 5120K, reserved 1048576K
}
Event: 33.625 GC heap before
{Heap before GC invocations=9 (full 2):
 PSYoungGen      total 140288K, used 9701K [0x00000007a0000000, 0x00000007abd80000, 0x00000007c0000000)
  eden space 130560K, 0% used [0x00000007a0000000,0x00000007a0000000,0x00000007a7f80000)
  from space 9728K, 99% used [0x00000007a7f80000,0x00000007a88f95a0,0x00000007a8900000)
  to   space 12800K, 0% used [0x00000007ab100000,0x00000007ab100000,0x00000007abd80000)
 ParOldGen       total 57856K, used 11868K [0x0000000760000000, 0x0000000763880000, 0x00000007a0000000)
  object space 57856K, 20% used [0x0000000760000000,0x0000000760b970e0,0x0000000763880000)
 Metaspace       used 34822K, capacity 35266K, committed 35416K, reserved 1079296K
  class space    used 4873K, capacity 5061K, committed 5120K, reserved 1048576K
Event: 33.712 GC heap after
Heap after GC invocations=9 (full 2):
 PSYoungGen      total 140288K, used 0K [0x00000007a0000000, 0x00000007abd80000, 0x00000007c0000000)
  eden space 130560K, 0% used [0x00000007a0000000,0x00000007a0000000,0x00000007a7f80000)
  from space 9728K, 0% used [0x00000007a7f80000,0x00000007a7f80000,0x00000007a8900000)
  to   space 12800K, 0% used [0x00000007ab100000,0x00000007ab100000,0x00000007abd80000)
 ParOldGen       total 83456K, used 19129K [0x0000000760000000, 0x0000000765180000, 0x00000007a0000000)
  object space 83456K, 22% used [0x0000000760000000,0x00000007612ae4f0,0x0000000765180000)
 Metaspace       used 34822K, capacity 35266K, committed 35416K, reserved 1079296K
  class space    used 4873K, capacity 5061K, committed 5120K, reserved 1048576K
}
Event: 35.948 GC heap before
{Heap before GC invocations=10 (full 2):
 PSYoungGen      total 140288K, used 130560K [0x00000007a0000000, 0x00000007abd80000, 0x00000007c0000000)
  eden space 130560K, 100% used [0x00000007a0000000,0x00000007a7f80000,0x00000007a7f80000)
  from space 9728K, 0% used [0x00000007a7f80000,0x00000007a7f80000,0x00000007a8900000)
  to   space 12800K, 0% used [0x00000007ab100000,0x00000007ab100000,0x00000007abd80000)
 ParOldGen       total 83456K, used 19129K [0x0000000760000000, 0x0000000765180000, 0x00000007a0000000)
  object space 83456K, 22% used [0x0000000760000000,0x00000007612ae4f0,0x0000000765180000)
 Metaspace       used 44965K, capacity 45714K, committed 45952K, reserved 1089536K
  class space    used 6178K, capacity 6414K, committed 6528K, reserved 1048576K
Event: 35.966 GC heap after
Heap after GC invocations=10 (full 2):
 PSYoungGen      total 179712K, used 12781K [0x00000007a0000000, 0x00000007aed80000, 0x00000007c0000000)
  eden space 166912K, 0% used [0x00000007a0000000,0x00000007a0000000,0x00000007aa300000)
  from space 12800K, 99% used [0x00000007ab100000,0x00000007abd7b5a0,0x00000007abd80000)
  to   space 14336K, 0% used [0x00000007aa300000,0x00000007aa300000,0x00000007ab100000)
 ParOldGen       total 83456K, used 19399K [0x0000000760000000, 0x0000000765180000, 0x00000007a0000000)
  object space 83456K, 23% used [0x0000000760000000,0x00000007612f1d28,0x0000000765180000)
 Metaspace       used 44965K, capacity 45714K, committed 45952K, reserved 1089536K
  class space    used 6178K, capacity 6414K, committed 6528K, reserved 1048576K
}
Event: 37.632 GC heap before
{Heap before GC invocations=11 (full 2):
 PSYoungGen      total 179712K, used 179693K [0x00000007a0000000, 0x00000007aed80000, 0x00000007c0000000)
  eden space 166912K, 100% used [0x00000007a0000000,0x00000007aa300000,0x00000007aa300000)
  from space 12800K, 99% used [0x00000007ab100000,0x00000007abd7b5a0,0x00000007abd80000)
  to   space 14336K, 0% used [0x00000007aa300000,0x00000007aa300000,0x00000007ab100000)
 ParOldGen       total 83456K, used 19399K [0x0000000760000000, 0x0000000765180000, 0x00000007a0000000)
  object space 83456K, 23% used [0x0000000760000000,0x00000007612f1d28,0x0000000765180000)
 Metaspace       used 49460K, capacity 50764K, committed 50944K, reserved 1093632K
  class space    used 6810K, capacity 7133K, committed 7168K, reserved 1048576K
Event: 37.659 GC heap after
Heap after GC invocations=11 (full 2):
 PSYoungGen      total 181248K, used 14334K [0x00000007a0000000, 0x00000007b0500000, 0x00000007c0000000)
  eden space 166912K, 0% used [0x00000007a0000000,0x00000007a0000000,0x00000007aa300000)
  from space 14336K, 99% used [0x00000007aa300000,0x00000007ab0ff9c0,0x00000007ab100000)
  to   space 17920K, 0% used [0x00000007af380000,0x00000007af380000,0x00000007b0500000)
 ParOldGen       total 83456K, used 22813K [0x0000000760000000, 0x0000000765180000, 0x00000007a0000000)
  object space 83456K, 27% used [0x0000000760000000,0x00000007616475f8,0x0000000765180000)
 Metaspace       used 49460K, capacity 50764K, committed 50944K, reserved 1093632K
  class space    used 6810K, capacity 7133K, committed 7168K, reserved 1048576K
}

