# JRE version: Java(TM) SE Runtime Environment (8.0_141-b15) (build 1.8.0_141-b15)
# Java VM: Java HotSpot(TM) 64-Bit Server VM (25.141-b15 mixed mode bsd-amd64 compressed oops)
Heap:
 PSYoungGen      total 141824K, used 17742K [0x00000007a0000000, 0x00000007ace80000, 0x00000007c0000000)
  eden space 128000K, 3% used [0x00000007a0000000,0x00000007a03d86f0,0x00000007a7d00000)
  from space 13824K, 99% used [0x00000007a7d00000,0x00000007a8a7b310,0x00000007a8a80000)
  to   space 18432K, 0% used [0x00000007abc80000,0x00000007abc80000,0x00000007ace80000)
 ParOldGen       total 92160K, used 26970K [0x0000000760000000, 0x0000000765a00000, 0x00000007a0000000)
  object space 92160K, 29% used [0x0000000760000000,0x0000000761a56900,0x0000000765a00000)
 Metaspace       used 55602K, capacity 57384K, committed 57640K, reserved 1099776K
  class space    used 7671K, capacity 8114K, committed 8240K, reserved 1048576K
GC Heap History (10 events):
Event: 21.023 GC heap before
{Heap before GC invocations=11 (full 2):
 PSYoungGen      total 88064K, used 9598K [0x00000007a0000000, 0x00000007a7600000, 0x00000007c0000000)
  eden space 78336K, 0% used [0x00000007a0000000,0x00000007a0000000,0x00000007a4c80000)
  from space 9728K, 98% used [0x00000007a4c80000,0x00000007a55dfb50,0x00000007a5600000)
  to   space 10752K, 0% used [0x00000007a6b80000,0x00000007a6b80000,0x00000007a7600000)
 ParOldGen       total 59904K, used 7524K [0x0000000760000000, 0x0000000763a80000, 0x00000007a0000000)
  object space 59904K, 12% used [0x0000000760000000,0x0000000760759248,0x0000000763a80000)
 Metaspace       used 34517K, capacity 35220K, committed 35496K, reserved 1079296K
  class space    used 4790K, capacity 5020K, committed 5040K, reserved 1048576K
Event: 21.136 GC heap after
Heap after GC invocations=11 (full 2):
 PSYoungGen      total 88064K, used 0K [0x00000007a0000000, 0x00000007a7600000, 0x00000007c0000000)
  eden space 78336K, 0% used [0x00000007a0000000,0x00000007a0000000,0x00000007a4c80000)
  from space 9728K, 0% used [0x00000007a4c80000,0x00000007a4c80000,0x00000007a5600000)
  to   space 10752K, 0% used [0x00000007a6b80000,0x00000007a6b80000,0x00000007a7600000)
 ParOldGen       total 92160K, used 15978K [0x0000000760000000, 0x0000000765a00000, 0x00000007a0000000)
  object space 92160K, 17% used [0x0000000760000000,0x0000000760f9aaa0,0x0000000765a00000)
 Metaspace       used 34517K, capacity 35220K, committed 35496K, reserved 1079296K
  class space    used 4790K, capacity 5020K, committed 5040K, reserved 1048576K
}
Event: 22.334 GC heap before
{Heap before GC invocations=12 (full 2):
 PSYoungGen      total 88064K, used 78336K [0x00000007a0000000, 0x00000007a7600000, 0x00000007c0000000)
  eden space 78336K, 100% used [0x00000007a0000000,0x00000007a4c80000,0x00000007a4c80000)
  from space 9728K, 0% used [0x00000007a4c80000,0x00000007a4c80000,0x00000007a5600000)
  to   space 10752K, 0% used [0x00000007a6b80000,0x00000007a6b80000,0x00000007a7600000)
 ParOldGen       total 92160K, used 15978K [0x0000000760000000, 0x0000000765a00000, 0x00000007a0000000)
  object space 92160K, 17% used [0x0000000760000000,0x0000000760f9aaa0,0x0000000765a00000)
 Metaspace       used 39578K, capacity 40286K, committed 40488K, reserved 1083392K
  class space    used 5403K, capacity 5657K, committed 5680K, reserved 1048576K
Event: 22.344 GC heap after
Heap after GC invocations=12 (full 2):
 PSYoungGen      total 110592K, used 6540K [0x00000007a0000000, 0x00000007a7700000, 0x00000007c0000000)
  eden space 99840K, 0% used [0x00000007a0000000,0x00000007a0000000,0x00000007a6180000)
  from space 10752K, 60% used [0x00000007a6b80000,0x00000007a71e30e0,0x00000007a7600000)
  to   space 10240K, 0% used [0x00000007a6180000,0x00000007a6180000,0x00000007a6b80000)
 ParOldGen       total 92160K, used 15986K [0x0000000760000000, 0x0000000765a00000, 0x00000007a0000000)
  object space 92160K, 17% used [0x0000000760000000,0x0000000760f9caa0,0x0000000765a00000)
 Metaspace       used 39578K, capacity 40286K, committed 40488K, reserved 1083392K
  class space    used 5403K, capacity 5657K, committed 5680K, reserved 1048576K
}
Event: 25.173 GC heap before
{Heap before GC invocations=13 (full 2):
 PSYoungGen      total 110592K, used 106380K [0x00000007a0000000, 0x00000007a7700000, 0x00000007c0000000)
  eden space 99840K, 100% used [0x00000007a0000000,0x00000007a6180000,0x00000007a6180000)
  from space 10752K, 60% used [0x00000007a6b80000,0x00000007a71e30e0,0x00000007a7600000)
  to   space 10240K, 0% used [0x00000007a6180000,0x00000007a6180000,0x00000007a6b80000)
 ParOldGen       total 92160K, used 15986K [0x0000000760000000, 0x0000000765a00000, 0x00000007a0000000)
  object space 92160K, 17% used [0x0000000760000000,0x0000000760f9caa0,0x0000000765a00000)
 Metaspace       used 46759K, capacity 47804K, committed 47912K, reserved 1091584K
  class space    used 6373K, capacity 6691K, committed 6704K, reserved 1048576K
Event: 25.200 GC heap after
Heap after GC invocations=13 (full 2):
 PSYoungGen      total 110080K, used 10208K [0x00000007a0000000, 0x00000007a9680000, 0x00000007c0000000)
  eden space 99840K, 0% used [0x00000007a0000000,0x00000007a0000000,0x00000007a6180000)
  from space 10240K, 99% used [0x00000007a6180000,0x00000007a6b782b8,0x00000007a6b80000)
  to   space 12288K, 0% used [0x00000007a8a80000,0x00000007a8a80000,0x00000007a9680000)
 ParOldGen       total 92160K, used 18176K [0x0000000760000000, 0x0000000765a00000, 0x00000007a0000000)
  object space 92160K, 19% used [0x0000000760000000,0x00000007611c0178,0x0000000765a00000)
 Metaspace       used 46759K, capacity 47804K, committed 47912K, reserved 1091584K
  class space    used 6373K, capacity 6691K, committed 6704K, reserved 1048576K
}
Event: 26.535 GC heap before
{Heap before GC invocations=14 (full 2):
 PSYoungGen      total 110080K, used 110048K [0x00000007a0000000, 0x00000007a9680000, 0x00000007c0000000)
  eden space 99840K, 100% used [0x00000007a0000000,0x00000007a6180000,0x00000007a6180000)
  from space 10240K, 99% used [0x00000007a6180000,0x00000007a6b782b8,0x00000007a6b80000)
  to   space 12288K, 0% used [0x00000007a8a80000,0x00000007a8a80000,0x00000007a9680000)
 ParOldGen       total 92160K, used 18176K [0x0000000760000000, 0x0000000765a00000, 0x00000007a0000000)
  object space 92160K, 19% used [0x0000000760000000,0x00000007611c0178,0x0000000765a00000)
 Metaspace       used 47811K, capacity 48996K, committed 49064K, reserved 1091584K
  class space    used 6472K, capacity 6789K, committed 6832K, reserved 1048576K
Event: 26.568 GC heap after
Heap after GC invocations=14 (full 2):
 PSYoungGen      total 140288K, used 12263K [0x00000007a0000000, 0x00000007a9e00000, 0x00000007c0000000)
  eden space 128000K, 0% used [0x00000007a0000000,0x00000007a0000000,0x00000007a7d00000)
  from space 12288K, 99% used [0x00000007a8a80000,0x00000007a9679e30,0x00000007a9680000)
  to   space 13824K, 0% used [0x00000007a7d00000,0x00000007a7d00000,0x00000007a8a80000)
 ParOldGen       total 92160K, used 19256K [0x0000000760000000, 0x0000000765a00000, 0x00000007a0000000)
  object space 92160K, 20% used [0x0000000760000000,0x00000007612ce080,0x0000000765a00000)
 Metaspace       used 47811K, capacity 48996K, committed 49064K, reserved 1091584K
  class space    used 6472K, capacity 6789K, committed 6832K, reserved 1048576K
}
Event: 30.358 GC heap before
{Heap before GC invocations=15 (full 2):
 PSYoungGen      total 140288K, used 140263K [0x00000007a0000000, 0x00000007a9e00000, 0x00000007c0000000)
  eden space 128000K, 100% used [0x00000007a0000000,0x00000007a7d00000,0x00000007a7d00000)
  from space 12288K, 99% used [0x00000007a8a80000,0x00000007a9679e30,0x00000007a9680000)
  to   space 13824K, 0% used [0x00000007a7d00000,0x00000007a7d00000,0x00000007a8a80000)
 ParOldGen       total 92160K, used 19256K [0x0000000760000000, 0x0000000765a00000, 0x00000007a0000000)
  object space 92160K, 20% used [0x0000000760000000,0x00000007612ce080,0x0000000765a00000)
 Metaspace       used 55264K, capacity 56996K, committed 57256K, reserved 1097728K
  class space    used 7598K, capacity 8010K, committed 8112K, reserved 1048576K
Event: 30.436 GC heap after
Heap after GC invocations=15 (full 2):
 PSYoungGen      total 141824K, used 13804K [0x00000007a0000000, 0x00000007ace80000, 0x00000007c0000000)
  eden space 128000K, 0% used [0x00000007a0000000,0x00000007a0000000,0x00000007a7d00000)
  from space 13824K, 99% used [0x00000007a7d00000,0x00000007a8a7b310,0x00000007a8a80000)
  to   space 18432K, 0% used [0x00000007abc80000,0x00000007abc80000,0x00000007ace80000)
 ParOldGen       total 92160K, used 26970K [0x0000000760000000, 0x0000000765a00000, 0x00000007a0000000)
  object space 92160K, 29% used [0x0000000760000000,0x0000000761a56900,0x0000000765a00000)
 Metaspace       used 55264K, capacity 56996K, committed 57256K, reserved 1097728K
  class space    used 7598K, capacity 8010K, committed 8112K, reserved 1048576K
}

