# JRE version: OpenJDK Runtime Environment (8.0_152-b01) (build 1.8.0_152-release-884-b01)
# Java VM: OpenJDK 64-Bit Server VM (25.152-b01 mixed mode bsd-amd64 compressed oops)
Heap:
 PSYoungGen      total 248320K, used 163336K [0x00000007a0000000, 0x00000007b3380000, 0x00000007c0000000)
  eden space 227328K, 67% used [0x00000007a0000000,0x00000007a94ca700,0x00000007ade00000)
  from space 20992K, 52% used [0x00000007ade00000,0x00000007ae8b7c48,0x00000007af280000)
  to   space 20992K, 0% used [0x00000007b1f00000,0x00000007b1f00000,0x00000007b3380000)
 ParOldGen       total 97792K, used 58993K [0x0000000760000000, 0x0000000765f80000, 0x00000007a0000000)
  object space 97792K, 60% used [0x0000000760000000,0x000000076399c4c0,0x0000000765f80000)
 Metaspace       used 72807K, capacity 76100K, committed 76248K, reserved 1116160K
  class space    used 9433K, capacity 10238K, committed 10240K, reserved 1048576K
GC Heap History (10 events):
Event: 87.837 GC heap before
{Heap before GC invocations=20 (full 3):
 PSYoungGen      total 156672K, used 4013K [0x00000007a0000000, 0x00000007ad080000, 0x00000007c0000000)
  eden space 144896K, 0% used [0x00000007a0000000,0x00000007a0000000,0x00000007a8d80000)
  from space 11776K, 34% used [0x00000007a8d80000,0x00000007a916b668,0x00000007a9900000)
  to   space 11264K, 0% used [0x00000007ac580000,0x00000007ac580000,0x00000007ad080000)
 ParOldGen       total 68608K, used 29188K [0x0000000760000000, 0x0000000764300000, 0x00000007a0000000)
  object space 68608K, 42% used [0x0000000760000000,0x0000000761c81280,0x0000000764300000)
 Metaspace       used 57115K, capacity 58948K, committed 59028K, reserved 1099776K
  class space    used 7671K, capacity 8145K, committed 8192K, reserved 1048576K
Event: 88.381 GC heap after
Heap after GC invocations=20 (full 3):
 PSYoungGen      total 156672K, used 0K [0x00000007a0000000, 0x00000007ad080000, 0x00000007c0000000)
  eden space 144896K, 0% used [0x00000007a0000000,0x00000007a0000000,0x00000007a8d80000)
  from space 11776K, 0% used [0x00000007a8d80000,0x00000007a8d80000,0x00000007a9900000)
  to   space 11264K, 0% used [0x00000007ac580000,0x00000007ac580000,0x00000007ad080000)
 ParOldGen       total 97792K, used 32460K [0x0000000760000000, 0x0000000765f80000, 0x00000007a0000000)
  object space 97792K, 33% used [0x0000000760000000,0x0000000761fb32a8,0x0000000765f80000)
 Metaspace       used 57115K, capacity 58948K, committed 59028K, reserved 1099776K
  class space    used 7671K, capacity 8145K, committed 8192K, reserved 1048576K
}
Event: 91.066 GC heap before
{Heap before GC invocations=21 (full 3):
 PSYoungGen      total 156672K, used 144896K [0x00000007a0000000, 0x00000007ad080000, 0x00000007c0000000)
  eden space 144896K, 100% used [0x00000007a0000000,0x00000007a8d80000,0x00000007a8d80000)
  from space 11776K, 0% used [0x00000007a8d80000,0x00000007a8d80000,0x00000007a9900000)
  to   space 11264K, 0% used [0x00000007ac580000,0x00000007ac580000,0x00000007ad080000)
 ParOldGen       total 97792K, used 32460K [0x0000000760000000, 0x0000000765f80000, 0x00000007a0000000)
  object space 97792K, 33% used [0x0000000760000000,0x0000000761fb32a8,0x0000000765f80000)
 Metaspace       used 59264K, capacity 61462K, committed 61528K, reserved 1101824K
  class space    used 7994K, capacity 8571K, committed 8576K, reserved 1048576K
Event: 91.115 GC heap after
Heap after GC invocations=21 (full 3):
 PSYoungGen      total 196096K, used 11264K [0x00000007a0000000, 0x00000007ad180000, 0x00000007c0000000)
  eden space 184832K, 0% used [0x00000007a0000000,0x00000007a0000000,0x00000007ab480000)
  from space 11264K, 100% used [0x00000007ac580000,0x00000007ad080000,0x00000007ad080000)
  to   space 14848K, 0% used [0x00000007ab480000,0x00000007ab480000,0x00000007ac300000)
 ParOldGen       total 97792K, used 37895K [0x0000000760000000, 0x0000000765f80000, 0x00000007a0000000)
  object space 97792K, 38% used [0x0000000760000000,0x0000000762501ea0,0x0000000765f80000)
 Metaspace       used 59264K, capacity 61462K, committed 61528K, reserved 1101824K
  class space    used 7994K, capacity 8571K, committed 8576K, reserved 1048576K
}
Event: 115.067 GC heap before
{Heap before GC invocations=22 (full 3):
 PSYoungGen      total 196096K, used 196096K [0x00000007a0000000, 0x00000007ad180000, 0x00000007c0000000)
  eden space 184832K, 100% used [0x00000007a0000000,0x00000007ab480000,0x00000007ab480000)
  from space 11264K, 100% used [0x00000007ac580000,0x00000007ad080000,0x00000007ad080000)
  to   space 14848K, 0% used [0x00000007ab480000,0x00000007ab480000,0x00000007ac300000)
 ParOldGen       total 97792K, used 37895K [0x0000000760000000, 0x0000000765f80000, 0x00000007a0000000)
  object space 97792K, 38% used [0x0000000760000000,0x0000000762501ea0,0x0000000765f80000)
 Metaspace       used 65788K, capacity 68636K, committed 68696K, reserved 1107968K
  class space    used 8641K, capacity 9333K, committed 9344K, reserved 1048576K
Event: 115.178 GC heap after
Heap after GC invocations=22 (full 3):
 PSYoungGen      total 199680K, used 14840K [0x00000007a0000000, 0x00000007b0c80000, 0x00000007c0000000)
  eden space 184832K, 0% used [0x00000007a0000000,0x00000007a0000000,0x00000007ab480000)
  from space 14848K, 99% used [0x00000007ab480000,0x00000007ac2fe2b0,0x00000007ac300000)
  to   space 21504K, 0% used [0x00000007af780000,0x00000007af780000,0x00000007b0c80000)
 ParOldGen       total 97792K, used 49726K [0x0000000760000000, 0x0000000765f80000, 0x00000007a0000000)
  object space 97792K, 50% used [0x0000000760000000,0x000000076308fb20,0x0000000765f80000)
 Metaspace       used 65788K, capacity 68636K, committed 68696K, reserved 1107968K
  class space    used 8641K, capacity 9333K, committed 9344K, reserved 1048576K
}
Event: 141.975 GC heap before
{Heap before GC invocations=23 (full 3):
 PSYoungGen      total 199680K, used 199672K [0x00000007a0000000, 0x00000007b0c80000, 0x00000007c0000000)
  eden space 184832K, 100% used [0x00000007a0000000,0x00000007ab480000,0x00000007ab480000)
  from space 14848K, 99% used [0x00000007ab480000,0x00000007ac2fe2b0,0x00000007ac300000)
  to   space 21504K, 0% used [0x00000007af780000,0x00000007af780000,0x00000007b0c80000)
 ParOldGen       total 97792K, used 49726K [0x0000000760000000, 0x0000000765f80000, 0x00000007a0000000)
  object space 97792K, 50% used [0x0000000760000000,0x000000076308fb20,0x0000000765f80000)
 Metaspace       used 70502K, capacity 73554K, committed 73688K, reserved 1114112K
  class space    used 9202K, capacity 9960K, committed 9984K, reserved 1048576K
Event: 142.012 GC heap after
Heap after GC invocations=23 (full 3):
 PSYoungGen      total 243200K, used 3662K [0x00000007a0000000, 0x00000007b0700000, 0x00000007c0000000)
  eden space 227328K, 0% used [0x00000007a0000000,0x00000007a0000000,0x00000007ade00000)
  from space 15872K, 23% used [0x00000007af780000,0x00000007afb13be8,0x00000007b0700000)
  to   space 20992K, 0% used [0x00000007ade00000,0x00000007ade00000,0x00000007af280000)
 ParOldGen       total 97792K, used 57937K [0x0000000760000000, 0x0000000765f80000, 0x00000007a0000000)
  object space 97792K, 59% used [0x0000000760000000,0x0000000763894470,0x0000000765f80000)
 Metaspace       used 70502K, capacity 73554K, committed 73688K, reserved 1114112K
  class space    used 9202K, capacity 9960K, committed 9984K, reserved 1048576K
}
Event: 1726.259 GC heap before
{Heap before GC invocations=24 (full 3):
 PSYoungGen      total 243200K, used 230990K [0x00000007a0000000, 0x00000007b0700000, 0x00000007c0000000)
  eden space 227328K, 100% used [0x00000007a0000000,0x00000007ade00000,0x00000007ade00000)
  from space 15872K, 23% used [0x00000007af780000,0x00000007afb13be8,0x00000007b0700000)
  to   space 20992K, 0% used [0x00000007ade00000,0x00000007ade00000,0x00000007af280000)
 ParOldGen       total 97792K, used 57937K [0x0000000760000000, 0x0000000765f80000, 0x00000007a0000000)
  object space 97792K, 59% used [0x0000000760000000,0x0000000763894470,0x0000000765f80000)
 Metaspace       used 71488K, capacity 74848K, committed 75096K, reserved 1114112K
  class space    used 9269K, capacity 10067K, committed 10112K, reserved 1048576K
Event: 1726.307 GC heap after
Heap after GC invocations=24 (full 3):
 PSYoungGen      total 248320K, used 10975K [0x00000007a0000000, 0x00000007b3380000, 0x00000007c0000000)
  eden space 227328K, 0% used [0x00000007a0000000,0x00000007a0000000,0x00000007ade00000)
  from space 20992K, 52% used [0x00000007ade00000,0x00000007ae8b7c48,0x00000007af280000)
  to   space 20992K, 0% used [0x00000007b1f00000,0x00000007b1f00000,0x00000007b3380000)
 ParOldGen       total 97792K, used 58993K [0x0000000760000000, 0x0000000765f80000, 0x00000007a0000000)
  object space 97792K, 60% used [0x0000000760000000,0x000000076399c4c0,0x0000000765f80000)
 Metaspace       used 71488K, capacity 74848K, committed 75096K, reserved 1114112K
  class space    used 9269K, capacity 10067K, committed 10112K, reserved 1048576K
}

