# JRE version: Java(TM) SE Runtime Environment (8.0_141-b15) (build 1.8.0_141-b15)
# Java VM: Java HotSpot(TM) 64-Bit Server VM (25.141-b15 mixed mode bsd-amd64 compressed oops)
Heap:
 PSYoungGen      total 385024K, used 53092K [0x00000007a0000000, 0x00000007ba280000, 0x00000007c0000000)
  eden space 377344K, 12% used [0x00000007a0000000,0x00000007a2c8a400,0x00000007b7080000)
  from space 7680K, 97% used [0x00000007b8080000,0x00000007b87cedd0,0x00000007b8800000)
  to   space 25600K, 0% used [0x00000007b8980000,0x00000007b8980000,0x00000007ba280000)
 ParOldGen       total 121344K, used 67139K [0x0000000760000000, 0x0000000767680000, 0x00000007a0000000)
  object space 121344K, 55% used [0x0000000760000000,0x0000000764190c68,0x0000000767680000)
 Metaspace       used 73649K, capacity 77208K, committed 77232K, reserved 1116160K
  class space    used 9773K, capacity 10650K, committed 10672K, reserved 1048576K
GC Heap History (10 events):
Event: 83.408 GC heap before
{Heap before GC invocations=14 (full 2):
 PSYoungGen      total 245760K, used 166797K [0x00000007a0000000, 0x00000007b4a00000, 0x00000007c0000000)
  eden space 233984K, 66% used [0x00000007a0000000,0x00000007a9768120,0x00000007ae480000)
  from space 11776K, 99% used [0x00000007ae480000,0x00000007aeffb310,0x00000007af000000)
  to   space 17920K, 0% used [0x00000007b3880000,0x00000007b3880000,0x00000007b4a00000)
 ParOldGen       total 81408K, used 29029K [0x0000000760000000, 0x0000000764f80000, 0x00000007a0000000)
  object space 81408K, 35% used [0x0000000760000000,0x0000000761c597d8,0x0000000764f80000)
 Metaspace       used 57301K, capacity 59058K, committed 59160K, reserved 1099776K
  class space    used 7809K, capacity 8290K, committed 8368K, reserved 1048576K
Event: 83.451 GC heap after
Heap after GC invocations=14 (full 2):
 PSYoungGen      total 315392K, used 17914K [0x00000007a0000000, 0x00000007b6000000, 0x00000007c0000000)
  eden space 297472K, 0% used [0x00000007a0000000,0x00000007a0000000,0x00000007b2280000)
  from space 17920K, 99% used [0x00000007b3880000,0x00000007b49fe8b8,0x00000007b4a00000)
  to   space 22528K, 0% used [0x00000007b2280000,0x00000007b2280000,0x00000007b3880000)
 ParOldGen       total 81408K, used 33983K [0x0000000760000000, 0x0000000764f80000, 0x00000007a0000000)
  object space 81408K, 41% used [0x0000000760000000,0x000000076212fcc8,0x0000000764f80000)
 Metaspace       used 57301K, capacity 59058K, committed 59160K, reserved 1099776K
  class space    used 7809K, capacity 8290K, committed 8368K, reserved 1048576K
}
Event: 83.451 GC heap before
{Heap before GC invocations=15 (full 3):
 PSYoungGen      total 315392K, used 17914K [0x00000007a0000000, 0x00000007b6000000, 0x00000007c0000000)
  eden space 297472K, 0% used [0x00000007a0000000,0x00000007a0000000,0x00000007b2280000)
  from space 17920K, 99% used [0x00000007b3880000,0x00000007b49fe8b8,0x00000007b4a00000)
  to   space 22528K, 0% used [0x00000007b2280000,0x00000007b2280000,0x00000007b3880000)
 ParOldGen       total 81408K, used 33983K [0x0000000760000000, 0x0000000764f80000, 0x00000007a0000000)
  object space 81408K, 41% used [0x0000000760000000,0x000000076212fcc8,0x0000000764f80000)
 Metaspace       used 57301K, capacity 59058K, committed 59160K, reserved 1099776K
  class space    used 7809K, capacity 8290K, committed 8368K, reserved 1048576K
Event: 83.719 GC heap after
Heap after GC invocations=15 (full 3):
 PSYoungGen      total 315392K, used 0K [0x00000007a0000000, 0x00000007b6000000, 0x00000007c0000000)
  eden space 297472K, 0% used [0x00000007a0000000,0x00000007a0000000,0x00000007b2280000)
  from space 17920K, 0% used [0x00000007b3880000,0x00000007b3880000,0x00000007b4a00000)
  to   space 22528K, 0% used [0x00000007b2280000,0x00000007b2280000,0x00000007b3880000)
 ParOldGen       total 121344K, used 37334K [0x0000000760000000, 0x0000000767680000, 0x00000007a0000000)
  object space 121344K, 30% used [0x0000000760000000,0x00000007624758e0,0x0000000767680000)
 Metaspace       used 57262K, capacity 58952K, committed 59160K, reserved 1099776K
  class space    used 7797K, capacity 8276K, committed 8368K, reserved 1048576K
}
Event: 106.958 GC heap before
{Heap before GC invocations=16 (full 3):
 PSYoungGen      total 315392K, used 297472K [0x00000007a0000000, 0x00000007b6000000, 0x00000007c0000000)
  eden space 297472K, 100% used [0x00000007a0000000,0x00000007b2280000,0x00000007b2280000)
  from space 17920K, 0% used [0x00000007b3880000,0x00000007b3880000,0x00000007b4a00000)
  to   space 22528K, 0% used [0x00000007b2280000,0x00000007b2280000,0x00000007b3880000)
 ParOldGen       total 121344K, used 37334K [0x0000000760000000, 0x0000000767680000, 0x00000007a0000000)
  object space 121344K, 30% used [0x0000000760000000,0x00000007624758e0,0x0000000767680000)
 Metaspace       used 64509K, capacity 67222K, committed 67504K, reserved 1107968K
  class space    used 8651K, capacity 9308K, committed 9392K, reserved 1048576K
Event: 107.023 GC heap after
Heap after GC invocations=16 (full 3):
 PSYoungGen      total 320000K, used 22526K [0x00000007a0000000, 0x00000007bbb80000, 0x00000007c0000000)
  eden space 297472K, 0% used [0x00000007a0000000,0x00000007a0000000,0x00000007b2280000)
  from space 22528K, 99% used [0x00000007b2280000,0x00000007b387f998,0x00000007b3880000)
  to   space 27136K, 0% used [0x00000007ba100000,0x00000007ba100000,0x00000007bbb80000)
 ParOldGen       total 121344K, used 41192K [0x0000000760000000, 0x0000000767680000, 0x00000007a0000000)
  object space 121344K, 33% used [0x0000000760000000,0x000000076283a130,0x0000000767680000)
 Metaspace       used 64509K, capacity 67222K, committed 67504K, reserved 1107968K
  class space    used 8651K, capacity 9308K, committed 9392K, reserved 1048576K
}
Event: 119.502 GC heap before
{Heap before GC invocations=17 (full 3):
 PSYoungGen      total 320000K, used 319998K [0x00000007a0000000, 0x00000007bbb80000, 0x00000007c0000000)
  eden space 297472K, 100% used [0x00000007a0000000,0x00000007b2280000,0x00000007b2280000)
  from space 22528K, 99% used [0x00000007b2280000,0x00000007b387f998,0x00000007b3880000)
  to   space 27136K, 0% used [0x00000007ba100000,0x00000007ba100000,0x00000007bbb80000)
 ParOldGen       total 121344K, used 41192K [0x0000000760000000, 0x0000000767680000, 0x00000007a0000000)
  object space 121344K, 33% used [0x0000000760000000,0x000000076283a130,0x0000000767680000)
 Metaspace       used 71040K, capacity 74118K, committed 74288K, reserved 1114112K
  class space    used 9458K, capacity 10186K, committed 10288K, reserved 1048576K
Event: 119.557 GC heap after
Heap after GC invocations=17 (full 3):
 PSYoungGen      total 412672K, used 8663K [0x00000007a0000000, 0x00000007bb380000, 0x00000007c0000000)
  eden space 393728K, 0% used [0x00000007a0000000,0x00000007a0000000,0x00000007b8080000)
  from space 18944K, 45% used [0x00000007ba100000,0x00000007ba975ca0,0x00000007bb380000)
  to   space 26112K, 0% used [0x00000007b8080000,0x00000007b8080000,0x00000007b9a00000)
 ParOldGen       total 121344K, used 63326K [0x0000000760000000, 0x0000000767680000, 0x00000007a0000000)
  object space 121344K, 52% used [0x0000000760000000,0x0000000763dd7af8,0x0000000767680000)
 Metaspace       used 71040K, capacity 74118K, committed 74288K, reserved 1114112K
  class space    used 9458K, capacity 10186K, committed 10288K, reserved 1048576K
}
Event: 1879.697 GC heap before
{Heap before GC invocations=18 (full 3):
 PSYoungGen      total 412672K, used 402391K [0x00000007a0000000, 0x00000007bb380000, 0x00000007c0000000)
  eden space 393728K, 100% used [0x00000007a0000000,0x00000007b8080000,0x00000007b8080000)
  from space 18944K, 45% used [0x00000007ba100000,0x00000007ba975ca0,0x00000007bb380000)
  to   space 26112K, 0% used [0x00000007b8080000,0x00000007b8080000,0x00000007b9a00000)
 ParOldGen       total 121344K, used 63326K [0x0000000760000000, 0x0000000767680000, 0x00000007a0000000)
  object space 121344K, 52% used [0x0000000760000000,0x0000000763dd7af8,0x0000000767680000)
 Metaspace       used 72521K, capacity 76142K, committed 76336K, reserved 1116160K
  class space    used 9608K, capacity 10488K, committed 10544K, reserved 1048576K
Event: 1879.781 GC heap after
Heap after GC invocations=18 (full 3):
 PSYoungGen      total 385024K, used 7483K [0x00000007a0000000, 0x00000007ba280000, 0x00000007c0000000)
  eden space 377344K, 0% used [0x00000007a0000000,0x00000007a0000000,0x00000007b7080000)
  from space 7680K, 97% used [0x00000007b8080000,0x00000007b87cedd0,0x00000007b8800000)
  to   space 25600K, 0% used [0x00000007b8980000,0x00000007b8980000,0x00000007ba280000)
 ParOldGen       total 121344K, used 67139K [0x0000000760000000, 0x0000000767680000, 0x00000007a0000000)
  object space 121344K, 55% used [0x0000000760000000,0x0000000764190c68,0x0000000767680000)
 Metaspace       used 72521K, capacity 76142K, committed 76336K, reserved 1116160K
  class space    used 9608K, capacity 10488K, committed 10544K, reserved 1048576K
}

