# JRE version: OpenJDK Runtime Environment (8.0_152-b01) (build 1.8.0_152-release-884-b01)
# Java VM: OpenJDK 64-Bit Server VM (25.152-b01 mixed mode bsd-amd64 compressed oops)
Heap:
 PSYoungGen      total 229888K, used 5460K [0x0000000152400000, 0x0000000167600000, 0x0000000172400000)
  eden space 215040K, 2% used [0x0000000152400000,0x0000000152955378,0x000000015f600000)
  from space 14848K, 0% used [0x000000015f600000,0x000000015f600000,0x0000000160480000)
  to   space 14848K, 0% used [0x0000000166780000,0x0000000166780000,0x0000000167600000)
 ParOldGen       total 110592K, used 31884K [0x0000000112400000, 0x0000000119000000, 0x0000000152400000)
  object space 110592K, 28% used [0x0000000112400000,0x0000000114323390,0x0000000119000000)
 Metaspace       used 57229K, capacity 59098K, committed 59284K, reserved 1099776K
  class space    used 7730K, capacity 8177K, committed 8192K, reserved 1048576K
GC Heap History (10 events):
Event: 49.724 GC heap before
{Heap before GC invocations=12 (full 2):
 PSYoungGen      total 116224K, used 106496K [0x0000000152400000, 0x000000015ce80000, 0x0000000172400000)
  eden space 106496K, 100% used [0x0000000152400000,0x0000000158c00000,0x0000000158c00000)
  from space 9728K, 0% used [0x0000000158c00000,0x0000000158c00000,0x0000000159580000)
  to   space 10240K, 0% used [0x000000015c480000,0x000000015c480000,0x000000015ce80000)
 ParOldGen       total 74752K, used 16079K [0x0000000112400000, 0x0000000116d00000, 0x0000000152400000)
  object space 74752K, 21% used [0x0000000112400000,0x00000001133b3e00,0x0000000116d00000)
 Metaspace       used 41524K, capacity 42338K, committed 42712K, reserved 1085440K
  class space    used 5517K, capacity 5779K, committed 5888K, reserved 1048576K
Event: 49.763 GC heap after
Heap after GC invocations=12 (full 2):
 PSYoungGen      total 162304K, used 10228K [0x0000000152400000, 0x000000015cf80000, 0x0000000172400000)
  eden space 152064K, 0% used [0x0000000152400000,0x0000000152400000,0x000000015b880000)
  from space 10240K, 99% used [0x000000015c480000,0x000000015ce7d258,0x000000015ce80000)
  to   space 11776K, 0% used [0x000000015b880000,0x000000015b880000,0x000000015c400000)
 ParOldGen       total 74752K, used 16783K [0x0000000112400000, 0x0000000116d00000, 0x0000000152400000)
  object space 74752K, 22% used [0x0000000112400000,0x0000000113463f70,0x0000000116d00000)
 Metaspace       used 41524K, capacity 42338K, committed 42712K, reserved 1085440K
  class space    used 5517K, capacity 5779K, committed 5888K, reserved 1048576K
}
Event: 51.900 GC heap before
{Heap before GC invocations=13 (full 2):
 PSYoungGen      total 162304K, used 162292K [0x0000000152400000, 0x000000015cf80000, 0x0000000172400000)
  eden space 152064K, 100% used [0x0000000152400000,0x000000015b880000,0x000000015b880000)
  from space 10240K, 99% used [0x000000015c480000,0x000000015ce7d258,0x000000015ce80000)
  to   space 11776K, 0% used [0x000000015b880000,0x000000015b880000,0x000000015c400000)
 ParOldGen       total 74752K, used 16783K [0x0000000112400000, 0x0000000116d00000, 0x0000000152400000)
  object space 74752K, 22% used [0x0000000112400000,0x0000000113463f70,0x0000000116d00000)
 Metaspace       used 46961K, capacity 47942K, committed 48344K, reserved 1091584K
  class space    used 6226K, capacity 6538K, committed 6656K, reserved 1048576K
Event: 51.930 GC heap after
Heap after GC invocations=13 (full 2):
 PSYoungGen      total 163840K, used 8869K [0x0000000152400000, 0x0000000161000000, 0x0000000172400000)
  eden space 152064K, 0% used [0x0000000152400000,0x0000000152400000,0x000000015b880000)
  from space 11776K, 75% used [0x000000015b880000,0x000000015c129418,0x000000015c400000)
  to   space 11776K, 0% used [0x0000000160480000,0x0000000160480000,0x0000000161000000)
 ParOldGen       total 74752K, used 22888K [0x0000000112400000, 0x0000000116d00000, 0x0000000152400000)
  object space 74752K, 30% used [0x0000000112400000,0x0000000113a5a278,0x0000000116d00000)
 Metaspace       used 46961K, capacity 47942K, committed 48344K, reserved 1091584K
  class space    used 6226K, capacity 6538K, committed 6656K, reserved 1048576K
}
Event: 55.108 GC heap before
{Heap before GC invocations=14 (full 2):
 PSYoungGen      total 163840K, used 160933K [0x0000000152400000, 0x0000000161000000, 0x0000000172400000)
  eden space 152064K, 100% used [0x0000000152400000,0x000000015b880000,0x000000015b880000)
  from space 11776K, 75% used [0x000000015b880000,0x000000015c129418,0x000000015c400000)
  to   space 11776K, 0% used [0x0000000160480000,0x0000000160480000,0x0000000161000000)
 ParOldGen       total 74752K, used 22888K [0x0000000112400000, 0x0000000116d00000, 0x0000000152400000)
  object space 74752K, 30% used [0x0000000112400000,0x0000000113a5a278,0x0000000116d00000)
 Metaspace       used 54772K, capacity 56570K, committed 56792K, reserved 1097728K
  class space    used 7394K, capacity 7822K, committed 7936K, reserved 1048576K
Event: 55.161 GC heap after
Heap after GC invocations=14 (full 2):
 PSYoungGen      total 226816K, used 11748K [0x0000000152400000, 0x0000000161800000, 0x0000000172400000)
  eden space 215040K, 0% used [0x0000000152400000,0x0000000152400000,0x000000015f600000)
  from space 11776K, 99% used [0x0000000160480000,0x0000000160ff9148,0x0000000161000000)
  to   space 14848K, 0% used [0x000000015f600000,0x000000015f600000,0x0000000160480000)
 ParOldGen       total 74752K, used 27327K [0x0000000112400000, 0x0000000116d00000, 0x0000000152400000)
  object space 74752K, 36% used [0x0000000112400000,0x0000000113eafef8,0x0000000116d00000)
 Metaspace       used 54772K, capacity 56570K, committed 56792K, reserved 1097728K
  class space    used 7394K, capacity 7822K, committed 7936K, reserved 1048576K
}
Event: 56.791 GC heap before
{Heap before GC invocations=15 (full 2):
 PSYoungGen      total 226816K, used 56574K [0x0000000152400000, 0x0000000161800000, 0x0000000172400000)
  eden space 215040K, 20% used [0x0000000152400000,0x0000000154fc68c8,0x000000015f600000)
  from space 11776K, 99% used [0x0000000160480000,0x0000000160ff9148,0x0000000161000000)
  to   space 14848K, 0% used [0x000000015f600000,0x000000015f600000,0x0000000160480000)
 ParOldGen       total 74752K, used 27327K [0x0000000112400000, 0x0000000116d00000, 0x0000000152400000)
  object space 74752K, 36% used [0x0000000112400000,0x0000000113eafef8,0x0000000116d00000)
 Metaspace       used 57119K, capacity 58944K, committed 59028K, reserved 1099776K
  class space    used 7703K, capacity 8146K, committed 8192K, reserved 1048576K
Event: 56.836 GC heap after
Heap after GC invocations=15 (full 2):
 PSYoungGen      total 229888K, used 2719K [0x0000000152400000, 0x0000000167600000, 0x0000000172400000)
  eden space 215040K, 0% used [0x0000000152400000,0x0000000152400000,0x000000015f600000)
  from space 14848K, 18% used [0x000000015f600000,0x000000015f8a7f78,0x0000000160480000)
  to   space 14848K, 0% used [0x0000000166780000,0x0000000166780000,0x0000000167600000)
 ParOldGen       total 74752K, used 34658K [0x0000000112400000, 0x0000000116d00000, 0x0000000152400000)
  object space 74752K, 46% used [0x0000000112400000,0x00000001145d88a8,0x0000000116d00000)
 Metaspace       used 57119K, capacity 58944K, committed 59028K, reserved 1099776K
  class space    used 7703K, capacity 8146K, committed 8192K, reserved 1048576K
}
Event: 56.836 GC heap before
{Heap before GC invocations=16 (full 3):
 PSYoungGen      total 229888K, used 2719K [0x0000000152400000, 0x0000000167600000, 0x0000000172400000)
  eden space 215040K, 0% used [0x0000000152400000,0x0000000152400000,0x000000015f600000)
  from space 14848K, 18% used [0x000000015f600000,0x000000015f8a7f78,0x0000000160480000)
  to   space 14848K, 0% used [0x0000000166780000,0x0000000166780000,0x0000000167600000)
 ParOldGen       total 74752K, used 34658K [0x0000000112400000, 0x0000000116d00000, 0x0000000152400000)
  object space 74752K, 46% used [0x0000000112400000,0x00000001145d88a8,0x0000000116d00000)
 Metaspace       used 57119K, capacity 58944K, committed 59028K, reserved 1099776K
  class space    used 7703K, capacity 8146K, committed 8192K, reserved 1048576K
Event: 57.169 GC heap after
Heap after GC invocations=16 (full 3):
 PSYoungGen      total 229888K, used 0K [0x0000000152400000, 0x0000000167600000, 0x0000000172400000)
  eden space 215040K, 0% used [0x0000000152400000,0x0000000152400000,0x000000015f600000)
  from space 14848K, 0% used [0x000000015f600000,0x000000015f600000,0x0000000160480000)
  to   space 14848K, 0% used [0x0000000166780000,0x0000000166780000,0x0000000167600000)
 ParOldGen       total 110592K, used 31884K [0x0000000112400000, 0x0000000119000000, 0x0000000152400000)
  object space 110592K, 28% used [0x0000000112400000,0x0000000114323390,0x0000000119000000)
 Metaspace       used 57117K, capacity 58938K, committed 59028K, reserved 1099776K
  class space    used 7702K, capacity 8145K, committed 8192K, reserved 1048576K
}

