# JRE version: OpenJDK Runtime Environment (8.0_152-b01) (build 1.8.0_152-release-884-b01)
# Java VM: OpenJDK 64-Bit Server VM (25.152-b01 mixed mode bsd-amd64 compressed oops)
Heap:
 PSYoungGen      total 347648K, used 53510K [0x00000007a0000000, 0x00000007c0000000, 0x00000007c0000000)
  eden space 326144K, 16% used [0x00000007a0000000,0x00000007a3441878,0x00000007b3e80000)
  from space 21504K, 0% used [0x00000007b3e80000,0x00000007b3e80000,0x00000007b5380000)
  to   space 21504K, 0% used [0x00000007beb00000,0x00000007beb00000,0x00000007c0000000)
 ParOldGen       total 99840K, used 31718K [0x0000000760000000, 0x0000000766180000, 0x00000007a0000000)
  object space 99840K, 31% used [0x0000000760000000,0x0000000761ef9840,0x0000000766180000)
 Metaspace       used 59874K, capacity 61730K, committed 61912K, reserved 1103872K
  class space    used 7984K, capacity 8381K, committed 8448K, reserved 1048576K
GC Heap History (10 events):
Event: 51.541 GC heap before
{Heap before GC invocations=10 (full 2):
 PSYoungGen      total 231936K, used 7908K [0x00000007a0000000, 0x00000007b0680000, 0x00000007c0000000)
  eden space 220160K, 0% used [0x00000007a0000000,0x00000007a0000000,0x00000007ad700000)
  from space 11776K, 67% used [0x00000007ae280000,0x00000007aea39058,0x00000007aee00000)
  to   space 11776K, 0% used [0x00000007ad700000,0x00000007ad700000,0x00000007ae280000)
 ParOldGen       total 52224K, used 9217K [0x0000000760000000, 0x0000000763300000, 0x00000007a0000000)
  object space 52224K, 17% used [0x0000000760000000,0x0000000760900700,0x0000000763300000)
 Metaspace       used 34660K, capacity 35248K, committed 35416K, reserved 1079296K
  class space    used 4715K, capacity 4936K, committed 4992K, reserved 1048576K
Event: 51.620 GC heap after
Heap after GC invocations=10 (full 2):
 PSYoungGen      total 231936K, used 0K [0x00000007a0000000, 0x00000007b0680000, 0x00000007c0000000)
  eden space 220160K, 0% used [0x00000007a0000000,0x00000007a0000000,0x00000007ad700000)
  from space 11776K, 0% used [0x00000007ae280000,0x00000007ae280000,0x00000007aee00000)
  to   space 11776K, 0% used [0x00000007ad700000,0x00000007ad700000,0x00000007ae280000)
 ParOldGen       total 62464K, used 14563K [0x0000000760000000, 0x0000000763d00000, 0x00000007a0000000)
  object space 62464K, 23% used [0x0000000760000000,0x0000000760e38e70,0x0000000763d00000)
 Metaspace       used 34660K, capacity 35248K, committed 35416K, reserved 1079296K
  class space    used 4715K, capacity 4936K, committed 4992K, reserved 1048576K
}
Event: 55.355 GC heap before
{Heap before GC invocations=11 (full 2):
 PSYoungGen      total 231936K, used 220160K [0x00000007a0000000, 0x00000007b0680000, 0x00000007c0000000)
  eden space 220160K, 100% used [0x00000007a0000000,0x00000007ad700000,0x00000007ad700000)
  from space 11776K, 0% used [0x00000007ae280000,0x00000007ae280000,0x00000007aee00000)
  to   space 11776K, 0% used [0x00000007ad700000,0x00000007ad700000,0x00000007ae280000)
 ParOldGen       total 62464K, used 14563K [0x0000000760000000, 0x0000000763d00000, 0x00000007a0000000)
  object space 62464K, 23% used [0x0000000760000000,0x0000000760e38e70,0x0000000763d00000)
 Metaspace       used 46442K, capacity 47328K, committed 47448K, reserved 1089536K
  class space    used 6174K, capacity 6453K, committed 6528K, reserved 1048576K
Event: 55.379 GC heap after
Heap after GC invocations=11 (full 2):
 PSYoungGen      total 231936K, used 11763K [0x00000007a0000000, 0x00000007b6200000, 0x00000007c0000000)
  eden space 220160K, 0% used [0x00000007a0000000,0x00000007a0000000,0x00000007ad700000)
  from space 11776K, 99% used [0x00000007ad700000,0x00000007ae27cf88,0x00000007ae280000)
  to   space 14848K, 0% used [0x00000007b5380000,0x00000007b5380000,0x00000007b6200000)
 ParOldGen       total 62464K, used 19803K [0x0000000760000000, 0x0000000763d00000, 0x00000007a0000000)
  object space 62464K, 31% used [0x0000000760000000,0x0000000761356ee0,0x0000000763d00000)
 Metaspace       used 46442K, capacity 47328K, committed 47448K, reserved 1089536K
  class space    used 6174K, capacity 6453K, committed 6528K, reserved 1048576K
}
Event: 59.973 GC heap before
{Heap before GC invocations=12 (full 2):
 PSYoungGen      total 231936K, used 231923K [0x00000007a0000000, 0x00000007b6200000, 0x00000007c0000000)
  eden space 220160K, 100% used [0x00000007a0000000,0x00000007ad700000,0x00000007ad700000)
  from space 11776K, 99% used [0x00000007ad700000,0x00000007ae27cf88,0x00000007ae280000)
  to   space 14848K, 0% used [0x00000007b5380000,0x00000007b5380000,0x00000007b6200000)
 ParOldGen       total 62464K, used 19803K [0x0000000760000000, 0x0000000763d00000, 0x00000007a0000000)
  object space 62464K, 31% used [0x0000000760000000,0x0000000761356ee0,0x0000000763d00000)
 Metaspace       used 53926K, capacity 55546K, committed 55768K, reserved 1097728K
  class space    used 7242K, capacity 7618K, committed 7680K, reserved 1048576K
Event: 60.041 GC heap after
Heap after GC invocations=12 (full 2):
 PSYoungGen      total 340992K, used 14836K [0x00000007a0000000, 0x00000007b6f00000, 0x00000007c0000000)
  eden space 326144K, 0% used [0x00000007a0000000,0x00000007a0000000,0x00000007b3e80000)
  from space 14848K, 99% used [0x00000007b5380000,0x00000007b61fd300,0x00000007b6200000)
  to   space 21504K, 0% used [0x00000007b3e80000,0x00000007b3e80000,0x00000007b5380000)
 ParOldGen       total 62464K, used 32782K [0x0000000760000000, 0x0000000763d00000, 0x00000007a0000000)
  object space 62464K, 52% used [0x0000000760000000,0x0000000762003b38,0x0000000763d00000)
 Metaspace       used 53926K, capacity 55546K, committed 55768K, reserved 1097728K
  class space    used 7242K, capacity 7618K, committed 7680K, reserved 1048576K
}
Event: 69.832 GC heap before
{Heap before GC invocations=13 (full 2):
 PSYoungGen      total 340992K, used 111013K [0x00000007a0000000, 0x00000007b6f00000, 0x00000007c0000000)
  eden space 326144K, 29% used [0x00000007a0000000,0x00000007a5dec258,0x00000007b3e80000)
  from space 14848K, 99% used [0x00000007b5380000,0x00000007b61fd300,0x00000007b6200000)
  to   space 21504K, 0% used [0x00000007b3e80000,0x00000007b3e80000,0x00000007b5380000)
 ParOldGen       total 62464K, used 32782K [0x0000000760000000, 0x0000000763d00000, 0x00000007a0000000)
  object space 62464K, 52% used [0x0000000760000000,0x0000000762003b38,0x0000000763d00000)
 Metaspace       used 57259K, capacity 58914K, committed 58968K, reserved 1099776K
  class space    used 7631K, capacity 8020K, committed 8064K, reserved 1048576K
Event: 69.903 GC heap after
Heap after GC invocations=13 (full 2):
 PSYoungGen      total 347648K, used 3955K [0x00000007a0000000, 0x00000007c0000000, 0x00000007c0000000)
  eden space 326144K, 0% used [0x00000007a0000000,0x00000007a0000000,0x00000007b3e80000)
  from space 21504K, 18% used [0x00000007b3e80000,0x00000007b425cca0,0x00000007b5380000)
  to   space 21504K, 0% used [0x00000007beb00000,0x00000007beb00000,0x00000007c0000000)
 ParOldGen       total 62464K, used 46988K [0x0000000760000000, 0x0000000763d00000, 0x00000007a0000000)
  object space 62464K, 75% used [0x0000000760000000,0x0000000762de32b0,0x0000000763d00000)
 Metaspace       used 57259K, capacity 58914K, committed 58968K, reserved 1099776K
  class space    used 7631K, capacity 8020K, committed 8064K, reserved 1048576K
}
Event: 69.903 GC heap before
{Heap before GC invocations=14 (full 3):
 PSYoungGen      total 347648K, used 3955K [0x00000007a0000000, 0x00000007c0000000, 0x00000007c0000000)
  eden space 326144K, 0% used [0x00000007a0000000,0x00000007a0000000,0x00000007b3e80000)
  from space 21504K, 18% used [0x00000007b3e80000,0x00000007b425cca0,0x00000007b5380000)
  to   space 21504K, 0% used [0x00000007beb00000,0x00000007beb00000,0x00000007c0000000)
 ParOldGen       total 62464K, used 46988K [0x0000000760000000, 0x0000000763d00000, 0x00000007a0000000)
  object space 62464K, 75% used [0x0000000760000000,0x0000000762de32b0,0x0000000763d00000)
 Metaspace       used 57259K, capacity 58914K, committed 58968K, reserved 1099776K
  class space    used 7631K, capacity 8020K, committed 8064K, reserved 1048576K
Event: 70.319 GC heap after
Heap after GC invocations=14 (full 3):
 PSYoungGen      total 347648K, used 0K [0x00000007a0000000, 0x00000007c0000000, 0x00000007c0000000)
  eden space 326144K, 0% used [0x00000007a0000000,0x00000007a0000000,0x00000007b3e80000)
  from space 21504K, 0% used [0x00000007b3e80000,0x00000007b3e80000,0x00000007b5380000)
  to   space 21504K, 0% used [0x00000007beb00000,0x00000007beb00000,0x00000007c0000000)
 ParOldGen       total 99840K, used 31718K [0x0000000760000000, 0x0000000766180000, 0x00000007a0000000)
  object space 99840K, 31% used [0x0000000760000000,0x0000000761ef9840,0x0000000766180000)
 Metaspace       used 57259K, capacity 58914K, committed 58968K, reserved 1099776K
  class space    used 7631K, capacity 8020K, committed 8064K, reserved 1048576K
}

