# JRE version: Java(TM) SE Runtime Environment (8.0_141-b15) (build 1.8.0_141-b15)
# Java VM: Java HotSpot(TM) 64-Bit Server VM (25.141-b15 mixed mode bsd-amd64 compressed oops)
Heap:
 PSYoungGen      total 189440K, used 55047K [0x00000007a0000000, 0x00000007b1600000, 0x00000007c0000000)
  eden space 180224K, 25% used [0x00000007a0000000,0x00000007a2d02900,0x00000007ab000000)
  from space 9216K, 97% used [0x00000007b0d00000,0x00000007b15bf4e0,0x00000007b1600000)
  to   space 13824K, 0% used [0x00000007afb00000,0x00000007afb00000,0x00000007b0880000)
 ParOldGen       total 96256K, used 27710K [0x0000000760000000, 0x0000000765e00000, 0x00000007a0000000)
  object space 96256K, 28% used [0x0000000760000000,0x0000000761b0f840,0x0000000765e00000)
 Metaspace       used 65544K, capacity 67478K, committed 67840K, reserved 1107968K
  class space    used 8656K, capacity 9109K, committed 9216K, reserved 1048576K
GC Heap History (10 events):
Event: 56.549 GC heap before
{Heap before GC invocations=13 (full 2):
 PSYoungGen      total 141824K, used 141365K [0x00000007a0000000, 0x00000007a9800000, 0x00000007c0000000)
  eden space 131072K, 100% used [0x00000007a0000000,0x00000007a8000000,0x00000007a8000000)
  from space 10752K, 95% used [0x00000007a8d80000,0x00000007a978d788,0x00000007a9800000)
  to   space 12288K, 0% used [0x00000007a8000000,0x00000007a8000000,0x00000007a8c00000)
 ParOldGen       total 72704K, used 15995K [0x0000000760000000, 0x0000000764700000, 0x00000007a0000000)
  object space 72704K, 22% used [0x0000000760000000,0x0000000760f9ede8,0x0000000764700000)
 Metaspace       used 47890K, capacity 48662K, committed 48768K, reserved 1091584K
  class space    used 6462K, capacity 6722K, committed 6784K, reserved 1048576K
Event: 56.567 GC heap after
Heap after GC invocations=13 (full 2):
 PSYoungGen      total 143360K, used 9800K [0x00000007a0000000, 0x00000007ad000000, 0x00000007c0000000)
  eden space 131072K, 0% used [0x00000007a0000000,0x00000007a0000000,0x00000007a8000000)
  from space 12288K, 79% used [0x00000007a8000000,0x00000007a89921b8,0x00000007a8c00000)
  to   space 12800K, 0% used [0x00000007ac380000,0x00000007ac380000,0x00000007ad000000)
 ParOldGen       total 72704K, used 20660K [0x0000000760000000, 0x0000000764700000, 0x00000007a0000000)
  object space 72704K, 28% used [0x0000000760000000,0x000000076142d340,0x0000000764700000)
 Metaspace       used 47890K, capacity 48662K, committed 48768K, reserved 1091584K
  class space    used 6462K, capacity 6722K, committed 6784K, reserved 1048576K
}
Event: 59.084 GC heap before
{Heap before GC invocations=14 (full 2):
 PSYoungGen      total 143360K, used 140872K [0x00000007a0000000, 0x00000007ad000000, 0x00000007c0000000)
  eden space 131072K, 100% used [0x00000007a0000000,0x00000007a8000000,0x00000007a8000000)
  from space 12288K, 79% used [0x00000007a8000000,0x00000007a89921b8,0x00000007a8c00000)
  to   space 12800K, 0% used [0x00000007ac380000,0x00000007ac380000,0x00000007ad000000)
 ParOldGen       total 72704K, used 20660K [0x0000000760000000, 0x0000000764700000, 0x00000007a0000000)
  object space 72704K, 28% used [0x0000000760000000,0x000000076142d340,0x0000000764700000)
 Metaspace       used 54548K, capacity 55982K, committed 56192K, reserved 1097728K
  class space    used 7436K, capacity 7745K, committed 7808K, reserved 1048576K
Event: 59.117 GC heap after
Heap after GC invocations=14 (full 2):
 PSYoungGen      total 199680K, used 10814K [0x00000007a0000000, 0x00000007ad200000, 0x00000007c0000000)
  eden space 186880K, 0% used [0x00000007a0000000,0x00000007a0000000,0x00000007ab680000)
  from space 12800K, 84% used [0x00000007ac380000,0x00000007ace0f908,0x00000007ad000000)
  to   space 13312K, 0% used [0x00000007ab680000,0x00000007ab680000,0x00000007ac380000)
 ParOldGen       total 72704K, used 24904K [0x0000000760000000, 0x0000000764700000, 0x00000007a0000000)
  object space 72704K, 34% used [0x0000000760000000,0x0000000761852390,0x0000000764700000)
 Metaspace       used 54548K, capacity 55982K, committed 56192K, reserved 1097728K
  class space    used 7436K, capacity 7745K, committed 7808K, reserved 1048576K
}
Event: 223.096 GC heap before
{Heap before GC invocations=15 (full 2):
 PSYoungGen      total 199680K, used 55140K [0x00000007a0000000, 0x00000007ad200000, 0x00000007c0000000)
  eden space 186880K, 23% used [0x00000007a0000000,0x00000007a2b49778,0x00000007ab680000)
  from space 12800K, 84% used [0x00000007ac380000,0x00000007ace0f908,0x00000007ad000000)
  to   space 13312K, 0% used [0x00000007ab680000,0x00000007ab680000,0x00000007ac380000)
 ParOldGen       total 72704K, used 24904K [0x0000000760000000, 0x0000000764700000, 0x00000007a0000000)
  object space 72704K, 34% used [0x0000000760000000,0x0000000761852390,0x0000000764700000)
 Metaspace       used 57343K, capacity 58952K, committed 59008K, reserved 1099776K
  class space    used 7655K, capacity 8034K, committed 8064K, reserved 1048576K
Event: 223.196 GC heap after
Heap after GC invocations=15 (full 2):
 PSYoungGen      total 200192K, used 4195K [0x00000007a0000000, 0x00000007b1a00000, 0x00000007c0000000)
  eden space 186880K, 0% used [0x00000007a0000000,0x00000007a0000000,0x00000007ab680000)
  from space 13312K, 31% used [0x00000007ab680000,0x00000007aba98dc8,0x00000007ac380000)
  to   space 13312K, 0% used [0x00000007b0d00000,0x00000007b0d00000,0x00000007b1a00000)
 ParOldGen       total 72704K, used 29527K [0x0000000760000000, 0x0000000764700000, 0x00000007a0000000)
  object space 72704K, 40% used [0x0000000760000000,0x0000000761cd5e58,0x0000000764700000)
 Metaspace       used 57343K, capacity 58952K, committed 59008K, reserved 1099776K
  class space    used 7655K, capacity 8034K, committed 8064K, reserved 1048576K
}
Event: 223.196 GC heap before
{Heap before GC invocations=16 (full 3):
 PSYoungGen      total 200192K, used 4195K [0x00000007a0000000, 0x00000007b1a00000, 0x00000007c0000000)
  eden space 186880K, 0% used [0x00000007a0000000,0x00000007a0000000,0x00000007ab680000)
  from space 13312K, 31% used [0x00000007ab680000,0x00000007aba98dc8,0x00000007ac380000)
  to   space 13312K, 0% used [0x00000007b0d00000,0x00000007b0d00000,0x00000007b1a00000)
 ParOldGen       total 72704K, used 29527K [0x0000000760000000, 0x0000000764700000, 0x00000007a0000000)
  object space 72704K, 40% used [0x0000000760000000,0x0000000761cd5e58,0x0000000764700000)
 Metaspace       used 57343K, capacity 58952K, committed 59008K, reserved 1099776K
  class space    used 7655K, capacity 8034K, committed 8064K, reserved 1048576K
Event: 223.508 GC heap after
Heap after GC invocations=16 (full 3):
 PSYoungGen      total 200192K, used 0K [0x00000007a0000000, 0x00000007b1a00000, 0x00000007c0000000)
  eden space 186880K, 0% used [0x00000007a0000000,0x00000007a0000000,0x00000007ab680000)
  from space 13312K, 0% used [0x00000007ab680000,0x00000007ab680000,0x00000007ac380000)
  to   space 13312K, 0% used [0x00000007b0d00000,0x00000007b0d00000,0x00000007b1a00000)
 ParOldGen       total 96256K, used 27702K [0x0000000760000000, 0x0000000765e00000, 0x00000007a0000000)
  object space 96256K, 28% used [0x0000000760000000,0x0000000761b0d840,0x0000000765e00000)
 Metaspace       used 57343K, capacity 58952K, committed 59008K, reserved 1099776K
  class space    used 7655K, capacity 8034K, committed 8064K, reserved 1048576K
}
Event: 233.045 GC heap before
{Heap before GC invocations=17 (full 3):
 PSYoungGen      total 200192K, used 186880K [0x00000007a0000000, 0x00000007b1a00000, 0x00000007c0000000)
  eden space 186880K, 100% used [0x00000007a0000000,0x00000007ab680000,0x00000007ab680000)
  from space 13312K, 0% used [0x00000007ab680000,0x00000007ab680000,0x00000007ac380000)
  to   space 13312K, 0% used [0x00000007b0d00000,0x00000007b0d00000,0x00000007b1a00000)
 ParOldGen       total 96256K, used 27702K [0x0000000760000000, 0x0000000765e00000, 0x00000007a0000000)
  object space 96256K, 28% used [0x0000000760000000,0x0000000761b0d840,0x0000000765e00000)
 Metaspace       used 63245K, capacity 65124K, committed 65152K, reserved 1105920K
  class space    used 8349K, capacity 8817K, committed 8832K, reserved 1048576K
Event: 233.062 GC heap after
Heap after GC invocations=17 (full 3):
 PSYoungGen      total 189440K, used 8957K [0x00000007a0000000, 0x00000007b1600000, 0x00000007c0000000)
  eden space 180224K, 0% used [0x00000007a0000000,0x00000007a0000000,0x00000007ab000000)
  from space 9216K, 97% used [0x00000007b0d00000,0x00000007b15bf4e0,0x00000007b1600000)
  to   space 13824K, 0% used [0x00000007afb00000,0x00000007afb00000,0x00000007b0880000)
 ParOldGen       total 96256K, used 27710K [0x0000000760000000, 0x0000000765e00000, 0x00000007a0000000)
  object space 96256K, 28% used [0x0000000760000000,0x0000000761b0f840,0x0000000765e00000)
 Metaspace       used 63245K, capacity 65124K, committed 65152K, reserved 1105920K
  class space    used 8349K, capacity 8817K, committed 8832K, reserved 1048576K
}

