# JRE version: OpenJDK Runtime Environment (8.0_152-b01) (build 1.8.0_152-release-884-b01)
# Java VM: OpenJDK 64-Bit Server VM (25.152-b01 mixed mode bsd-amd64 compressed oops)
Heap:
 PSYoungGen      total 292864K, used 60414K [0x00000007a0000000, 0x00000007b3880000, 0x00000007c0000000)
  eden space 278016K, 16% used [0x00000007a0000000,0x00000007a2c866e0,0x00000007b0f80000)
  from space 14848K, 99% used [0x00000007b2300000,0x00000007b31792f0,0x00000007b3180000)
  to   space 19968K, 0% used [0x00000007b0f80000,0x00000007b0f80000,0x00000007b2300000)
 ParOldGen       total 72192K, used 28996K [0x0000000760000000, 0x0000000764680000, 0x00000007a0000000)
  object space 72192K, 40% used [0x0000000760000000,0x0000000761c51318,0x0000000764680000)
 Metaspace       used 56364K, capacity 58110K, committed 58200K, reserved 1099776K
  class space    used 7593K, capacity 8015K, committed 8064K, reserved 1048576K
GC Heap History (10 events):
Event: 30.572 GC heap before
{Heap before GC invocations=8 (full 1):
 PSYoungGen      total 124928K, used 124423K [0x00000007a0000000, 0x00000007a9380000, 0x00000007c0000000)
  eden space 117760K, 100% used [0x00000007a0000000,0x00000007a7300000,0x00000007a7300000)
  from space 7168K, 92% used [0x00000007a8c80000,0x00000007a9301c50,0x00000007a9380000)
  to   space 10240K, 0% used [0x00000007a7f80000,0x00000007a7f80000,0x00000007a8980000)
 ParOldGen       total 54272K, used 8834K [0x0000000760000000, 0x0000000763500000, 0x00000007a0000000)
  object space 54272K, 16% used [0x0000000760000000,0x00000007608a0ad0,0x0000000763500000)
 Metaspace       used 31536K, capacity 32064K, committed 32512K, reserved 1077248K
  class space    used 4297K, capacity 4513K, committed 4608K, reserved 1048576K
Event: 30.616 GC heap after
Heap after GC invocations=8 (full 1):
 PSYoungGen      total 140800K, used 10029K [0x00000007a0000000, 0x00000007adc00000, 0x00000007c0000000)
  eden space 130560K, 0% used [0x00000007a0000000,0x00000007a0000000,0x00000007a7f80000)
  from space 10240K, 97% used [0x00000007a7f80000,0x00000007a894b570,0x00000007a8980000)
  to   space 11264K, 0% used [0x00000007ad100000,0x00000007ad100000,0x00000007adc00000)
 ParOldGen       total 54272K, used 8914K [0x0000000760000000, 0x0000000763500000, 0x00000007a0000000)
  object space 54272K, 16% used [0x0000000760000000,0x00000007608b4ae0,0x0000000763500000)
 Metaspace       used 31536K, capacity 32064K, committed 32512K, reserved 1077248K
  class space    used 4297K, capacity 4513K, committed 4608K, reserved 1048576K
}
Event: 31.733 GC heap before
{Heap before GC invocations=9 (full 1):
 PSYoungGen      total 140800K, used 28262K [0x00000007a0000000, 0x00000007adc00000, 0x00000007c0000000)
  eden space 130560K, 13% used [0x00000007a0000000,0x00000007a11ce3d0,0x00000007a7f80000)
  from space 10240K, 97% used [0x00000007a7f80000,0x00000007a894b570,0x00000007a8980000)
  to   space 11264K, 0% used [0x00000007ad100000,0x00000007ad100000,0x00000007adc00000)
 ParOldGen       total 54272K, used 8914K [0x0000000760000000, 0x0000000763500000, 0x00000007a0000000)
  object space 54272K, 16% used [0x0000000760000000,0x00000007608b4ae0,0x0000000763500000)
 Metaspace       used 34679K, capacity 35248K, committed 35416K, reserved 1079296K
  class space    used 4709K, capacity 4936K, committed 4992K, reserved 1048576K
Event: 31.760 GC heap after
Heap after GC invocations=9 (full 1):
 PSYoungGen      total 214016K, used 8104K [0x00000007a0000000, 0x00000007af700000, 0x00000007c0000000)
  eden space 202752K, 0% used [0x00000007a0000000,0x00000007a0000000,0x00000007ac600000)
  from space 11264K, 71% used [0x00000007ad100000,0x00000007ad8ea2e8,0x00000007adc00000)
  to   space 11264K, 0% used [0x00000007ac600000,0x00000007ac600000,0x00000007ad100000)
 ParOldGen       total 54272K, used 8922K [0x0000000760000000, 0x0000000763500000, 0x00000007a0000000)
  object space 54272K, 16% used [0x0000000760000000,0x00000007608b6ae0,0x0000000763500000)
 Metaspace       used 34679K, capacity 35248K, committed 35416K, reserved 1079296K
  class space    used 4709K, capacity 4936K, committed 4992K, reserved 1048576K
}
Event: 31.761 GC heap before
{Heap before GC invocations=10 (full 2):
 PSYoungGen      total 214016K, used 8104K [0x00000007a0000000, 0x00000007af700000, 0x00000007c0000000)
  eden space 202752K, 0% used [0x00000007a0000000,0x00000007a0000000,0x00000007ac600000)
  from space 11264K, 71% used [0x00000007ad100000,0x00000007ad8ea2e8,0x00000007adc00000)
  to   space 11264K, 0% used [0x00000007ac600000,0x00000007ac600000,0x00000007ad100000)
 ParOldGen       total 54272K, used 8922K [0x0000000760000000, 0x0000000763500000, 0x00000007a0000000)
  object space 54272K, 16% used [0x0000000760000000,0x00000007608b6ae0,0x0000000763500000)
 Metaspace       used 34679K, capacity 35248K, committed 35416K, reserved 1079296K
  class space    used 4709K, capacity 4936K, committed 4992K, reserved 1048576K
Event: 31.906 GC heap after
Heap after GC invocations=10 (full 2):
 PSYoungGen      total 214016K, used 0K [0x00000007a0000000, 0x00000007af700000, 0x00000007c0000000)
  eden space 202752K, 0% used [0x00000007a0000000,0x00000007a0000000,0x00000007ac600000)
  from space 11264K, 0% used [0x00000007ad100000,0x00000007ad100000,0x00000007adc00000)
  to   space 11264K, 0% used [0x00000007ac600000,0x00000007ac600000,0x00000007ad100000)
 ParOldGen       total 72192K, used 14757K [0x0000000760000000, 0x0000000764680000, 0x00000007a0000000)
  object space 72192K, 20% used [0x0000000760000000,0x0000000760e694a0,0x0000000764680000)
 Metaspace       used 34679K, capacity 35248K, committed 35416K, reserved 1079296K
  class space    used 4709K, capacity 4936K, committed 4992K, reserved 1048576K
}
Event: 38.613 GC heap before
{Heap before GC invocations=11 (full 2):
 PSYoungGen      total 214016K, used 202752K [0x00000007a0000000, 0x00000007af700000, 0x00000007c0000000)
  eden space 202752K, 100% used [0x00000007a0000000,0x00000007ac600000,0x00000007ac600000)
  from space 11264K, 0% used [0x00000007ad100000,0x00000007ad100000,0x00000007adc00000)
  to   space 11264K, 0% used [0x00000007ac600000,0x00000007ac600000,0x00000007ad100000)
 ParOldGen       total 72192K, used 14757K [0x0000000760000000, 0x0000000764680000, 0x00000007a0000000)
  object space 72192K, 20% used [0x0000000760000000,0x0000000760e694a0,0x0000000764680000)
 Metaspace       used 46289K, capacity 47144K, committed 47448K, reserved 1089536K
  class space    used 6152K, capacity 6417K, committed 6528K, reserved 1048576K
Event: 38.641 GC heap after
Heap after GC invocations=11 (full 2):
 PSYoungGen      total 214016K, used 11232K [0x00000007a0000000, 0x00000007b3180000, 0x00000007c0000000)
  eden space 202752K, 0% used [0x00000007a0000000,0x00000007a0000000,0x00000007ac600000)
  from space 11264K, 99% used [0x00000007ac600000,0x00000007ad0f8238,0x00000007ad100000)
  to   space 14848K, 0% used [0x00000007b2300000,0x00000007b2300000,0x00000007b3180000)
 ParOldGen       total 72192K, used 20052K [0x0000000760000000, 0x0000000764680000, 0x00000007a0000000)
  object space 72192K, 27% used [0x0000000760000000,0x00000007613953c8,0x0000000764680000)
 Metaspace       used 46289K, capacity 47144K, committed 47448K, reserved 1089536K
  class space    used 6152K, capacity 6417K, committed 6528K, reserved 1048576K
}
Event: 44.042 GC heap before
{Heap before GC invocations=12 (full 2):
 PSYoungGen      total 214016K, used 213984K [0x00000007a0000000, 0x00000007b3180000, 0x00000007c0000000)
  eden space 202752K, 100% used [0x00000007a0000000,0x00000007ac600000,0x00000007ac600000)
  from space 11264K, 99% used [0x00000007ac600000,0x00000007ad0f8238,0x00000007ad100000)
  to   space 14848K, 0% used [0x00000007b2300000,0x00000007b2300000,0x00000007b3180000)
 ParOldGen       total 72192K, used 20052K [0x0000000760000000, 0x0000000764680000, 0x00000007a0000000)
  object space 72192K, 27% used [0x0000000760000000,0x00000007613953c8,0x0000000764680000)
 Metaspace       used 53994K, capacity 55682K, committed 55768K, reserved 1097728K
  class space    used 7283K, capacity 7658K, committed 7680K, reserved 1048576K
Event: 44.079 GC heap after
Heap after GC invocations=12 (full 2):
 PSYoungGen      total 292864K, used 14820K [0x00000007a0000000, 0x00000007b3880000, 0x00000007c0000000)
  eden space 278016K, 0% used [0x00000007a0000000,0x00000007a0000000,0x00000007b0f80000)
  from space 14848K, 99% used [0x00000007b2300000,0x00000007b31792f0,0x00000007b3180000)
  to   space 19968K, 0% used [0x00000007b0f80000,0x00000007b0f80000,0x00000007b2300000)
 ParOldGen       total 72192K, used 28996K [0x0000000760000000, 0x0000000764680000, 0x00000007a0000000)
  object space 72192K, 40% used [0x0000000760000000,0x0000000761c51318,0x0000000764680000)
 Metaspace       used 53994K, capacity 55682K, committed 55768K, reserved 1097728K
  class space    used 7283K, capacity 7658K, committed 7680K, reserved 1048576K
}

