# JRE version: Java(TM) SE Runtime Environment (8.0_141-b15) (build 1.8.0_141-b15)
# Java VM: Java HotSpot(TM) 64-Bit Server VM (25.141-b15 mixed mode bsd-amd64 compressed oops)
Heap:
 PSYoungGen      total 337920K, used 29525K [0x00000007a0000000, 0x00000007b7080000, 0x00000007c0000000)
  eden space 321024K, 6% used [0x00000007a0000000,0x00000007a1344530,0x00000007b3980000)
  from space 16896K, 57% used [0x00000007b6000000,0x00000007b6991260,0x00000007b7080000)
  to   space 28160K, 0% used [0x00000007b3980000,0x00000007b3980000,0x00000007b5500000)
 ParOldGen       total 154112K, used 51060K [0x0000000760000000, 0x0000000769680000, 0x00000007a0000000)
  object space 154112K, 33% used [0x0000000760000000,0x00000007631dd170,0x0000000769680000)
 Metaspace       used 69166K, capacity 72429K, committed 72600K, reserved 1112064K
  class space    used 9323K, capacity 10109K, committed 10160K, reserved 1048576K
GC Heap History (10 events):
Event: 46.709 GC heap before
{Heap before GC invocations=13 (full 2):
 PSYoungGen      total 216064K, used 216034K [0x00000007a0000000, 0x00000007af080000, 0x00000007c0000000)
  eden space 201216K, 100% used [0x00000007a0000000,0x00000007ac480000,0x00000007ac480000)
  from space 14848K, 99% used [0x00000007ad680000,0x00000007ae4f8860,0x00000007ae500000)
  to   space 18432K, 0% used [0x00000007ac480000,0x00000007ac480000,0x00000007ad680000)
 ParOldGen       total 92672K, used 24663K [0x0000000760000000, 0x0000000765a80000, 0x00000007a0000000)
  object space 92672K, 26% used [0x0000000760000000,0x0000000761815dd0,0x0000000765a80000)
 Metaspace       used 56514K, capacity 58580K, committed 58928K, reserved 1099776K
  class space    used 7877K, capacity 8436K, committed 8496K, reserved 1048576K
Event: 46.782 GC heap after
Heap after GC invocations=13 (full 2):
 PSYoungGen      total 219648K, used 18432K [0x00000007a0000000, 0x00000007b2d80000, 0x00000007c0000000)
  eden space 201216K, 0% used [0x00000007a0000000,0x00000007a0000000,0x00000007ac480000)
  from space 18432K, 100% used [0x00000007ac480000,0x00000007ad680000,0x00000007ad680000)
  to   space 26624K, 0% used [0x00000007b1380000,0x00000007b1380000,0x00000007b2d80000)
 ParOldGen       total 92672K, used 39958K [0x0000000760000000, 0x0000000765a80000, 0x00000007a0000000)
  object space 92672K, 43% used [0x0000000760000000,0x0000000762705930,0x0000000765a80000)
 Metaspace       used 56514K, capacity 58580K, committed 58928K, reserved 1099776K
  class space    used 7877K, capacity 8436K, committed 8496K, reserved 1048576K
}
Event: 47.264 GC heap before
{Heap before GC invocations=14 (full 2):
 PSYoungGen      total 219648K, used 30788K [0x00000007a0000000, 0x00000007b2d80000, 0x00000007c0000000)
  eden space 201216K, 6% used [0x00000007a0000000,0x00000007a0c11140,0x00000007ac480000)
  from space 18432K, 100% used [0x00000007ac480000,0x00000007ad680000,0x00000007ad680000)
  to   space 26624K, 0% used [0x00000007b1380000,0x00000007b1380000,0x00000007b2d80000)
 ParOldGen       total 92672K, used 39958K [0x0000000760000000, 0x0000000765a80000, 0x00000007a0000000)
  object space 92672K, 43% used [0x0000000760000000,0x0000000762705930,0x0000000765a80000)
 Metaspace       used 56852K, capacity 59035K, committed 59160K, reserved 1099776K
  class space    used 7919K, capacity 8496K, committed 8496K, reserved 1048576K
Event: 47.317 GC heap after
Heap after GC invocations=14 (full 2):
 PSYoungGen      total 282112K, used 907K [0x00000007a0000000, 0x00000007b4a00000, 0x00000007c0000000)
  eden space 255488K, 0% used [0x00000007a0000000,0x00000007a0000000,0x00000007af980000)
  from space 26624K, 3% used [0x00000007b1380000,0x00000007b1462f10,0x00000007b2d80000)
  to   space 26624K, 0% used [0x00000007af980000,0x00000007af980000,0x00000007b1380000)
 ParOldGen       total 92672K, used 58405K [0x0000000760000000, 0x0000000765a80000, 0x00000007a0000000)
  object space 92672K, 63% used [0x0000000760000000,0x0000000763909650,0x0000000765a80000)
 Metaspace       used 56852K, capacity 59035K, committed 59160K, reserved 1099776K
  class space    used 7919K, capacity 8496K, committed 8496K, reserved 1048576K
}
Event: 47.317 GC heap before
{Heap before GC invocations=15 (full 3):
 PSYoungGen      total 282112K, used 907K [0x00000007a0000000, 0x00000007b4a00000, 0x00000007c0000000)
  eden space 255488K, 0% used [0x00000007a0000000,0x00000007a0000000,0x00000007af980000)
  from space 26624K, 3% used [0x00000007b1380000,0x00000007b1462f10,0x00000007b2d80000)
  to   space 26624K, 0% used [0x00000007af980000,0x00000007af980000,0x00000007b1380000)
 ParOldGen       total 92672K, used 58405K [0x0000000760000000, 0x0000000765a80000, 0x00000007a0000000)
  object space 92672K, 63% used [0x0000000760000000,0x0000000763909650,0x0000000765a80000)
 Metaspace       used 56852K, capacity 59035K, committed 59160K, reserved 1099776K
  class space    used 7919K, capacity 8496K, committed 8496K, reserved 1048576K
Event: 48.114 GC heap after
Heap after GC invocations=15 (full 3):
 PSYoungGen      total 282112K, used 0K [0x00000007a0000000, 0x00000007b4a00000, 0x00000007c0000000)
  eden space 255488K, 0% used [0x00000007a0000000,0x00000007a0000000,0x00000007af980000)
  from space 26624K, 0% used [0x00000007b1380000,0x00000007b1380000,0x00000007b2d80000)
  to   space 26624K, 0% used [0x00000007af980000,0x00000007af980000,0x00000007b1380000)
 ParOldGen       total 154112K, used 46576K [0x0000000760000000, 0x0000000769680000, 0x00000007a0000000)
  object space 154112K, 30% used [0x0000000760000000,0x0000000762d7c0f8,0x0000000769680000)
 Metaspace       used 56852K, capacity 59035K, committed 59160K, reserved 1099776K
  class space    used 7919K, capacity 8496K, committed 8496K, reserved 1048576K
}
Event: 62.116 GC heap before
{Heap before GC invocations=16 (full 3):
 PSYoungGen      total 282112K, used 255488K [0x00000007a0000000, 0x00000007b4a00000, 0x00000007c0000000)
  eden space 255488K, 100% used [0x00000007a0000000,0x00000007af980000,0x00000007af980000)
  from space 26624K, 0% used [0x00000007b1380000,0x00000007b1380000,0x00000007b2d80000)
  to   space 26624K, 0% used [0x00000007af980000,0x00000007af980000,0x00000007b1380000)
 ParOldGen       total 154112K, used 46576K [0x0000000760000000, 0x0000000769680000, 0x00000007a0000000)
  object space 154112K, 30% used [0x0000000760000000,0x0000000762d7c0f8,0x0000000769680000)
 Metaspace       used 65625K, capacity 68563K, committed 68760K, reserved 1107968K
  class space    used 8865K, capacity 9599K, committed 9648K, reserved 1048576K
Event: 62.172 GC heap after
Heap after GC invocations=16 (full 3):
 PSYoungGen      total 282112K, used 22125K [0x00000007a0000000, 0x00000007b7d00000, 0x00000007c0000000)
  eden space 255488K, 0% used [0x00000007a0000000,0x00000007a0000000,0x00000007af980000)
  from space 26624K, 83% used [0x00000007af980000,0x00000007b0f1b558,0x00000007b1380000)
  to   space 29696K, 0% used [0x00000007b6000000,0x00000007b6000000,0x00000007b7d00000)
 ParOldGen       total 154112K, used 46584K [0x0000000760000000, 0x0000000769680000, 0x00000007a0000000)
  object space 154112K, 30% used [0x0000000760000000,0x0000000762d7e0f8,0x0000000769680000)
 Metaspace       used 65625K, capacity 68563K, committed 68760K, reserved 1107968K
  class space    used 8865K, capacity 9599K, committed 9648K, reserved 1048576K
}
Event: 93.942 GC heap before
{Heap before GC invocations=17 (full 3):
 PSYoungGen      total 282112K, used 277613K [0x00000007a0000000, 0x00000007b7d00000, 0x00000007c0000000)
  eden space 255488K, 100% used [0x00000007a0000000,0x00000007af980000,0x00000007af980000)
  from space 26624K, 83% used [0x00000007af980000,0x00000007b0f1b558,0x00000007b1380000)
  to   space 29696K, 0% used [0x00000007b6000000,0x00000007b6000000,0x00000007b7d00000)
 ParOldGen       total 154112K, used 46584K [0x0000000760000000, 0x0000000769680000, 0x00000007a0000000)
  object space 154112K, 30% used [0x0000000760000000,0x0000000762d7e0f8,0x0000000769680000)
 Metaspace       used 68002K, capacity 71289K, committed 71448K, reserved 1110016K
  class space    used 9150K, capacity 9946K, committed 10032K, reserved 1048576K
Event: 94.005 GC heap after
Heap after GC invocations=17 (full 3):
 PSYoungGen      total 337920K, used 9796K [0x00000007a0000000, 0x00000007b7080000, 0x00000007c0000000)
  eden space 321024K, 0% used [0x00000007a0000000,0x00000007a0000000,0x00000007b3980000)
  from space 16896K, 57% used [0x00000007b6000000,0x00000007b6991260,0x00000007b7080000)
  to   space 28160K, 0% used [0x00000007b3980000,0x00000007b3980000,0x00000007b5500000)
 ParOldGen       total 154112K, used 51060K [0x0000000760000000, 0x0000000769680000, 0x00000007a0000000)
  object space 154112K, 33% used [0x0000000760000000,0x00000007631dd170,0x0000000769680000)
 Metaspace       used 68002K, capacity 71289K, committed 71448K, reserved 1110016K
  class space    used 9150K, capacity 9946K, committed 10032K, reserved 1048576K
}

