# JRE version: Java(TM) SE Runtime Environment (8.0_141-b15) (build 1.8.0_141-b15)
# Java VM: Java HotSpot(TM) 64-Bit Server VM (25.141-b15 mixed mode bsd-amd64 compressed oops)
Heap:
 PSYoungGen      total 247296K, used 15517K [0x00000007a0000000, 0x00000007b6900000, 0x00000007c0000000)
  eden space 230400K, 6% used [0x00000007a0000000,0x00000007a0f277d0,0x00000007ae100000)
  from space 16896K, 0% used [0x00000007ae100000,0x00000007ae100000,0x00000007af180000)
  to   space 16896K, 0% used [0x00000007b5880000,0x00000007b5880000,0x00000007b6900000)
 ParOldGen       total 105984K, used 31400K [0x0000000760000000, 0x0000000766780000, 0x00000007a0000000)
  object space 105984K, 29% used [0x0000000760000000,0x0000000761eaa2b8,0x0000000766780000)
 Metaspace       used 58184K, capacity 59996K, committed 60208K, reserved 1101824K
  class space    used 7998K, capacity 8434K, committed 8496K, reserved 1048576K
GC Heap History (10 events):
Event: 49.506 GC heap before
{Heap before GC invocations=12 (full 2):
 PSYoungGen      total 121344K, used 111616K [0x00000007a0000000, 0x00000007ab400000, 0x00000007c0000000)
  eden space 111616K, 100% used [0x00000007a0000000,0x00000007a6d00000,0x00000007a6d00000)
  from space 9728K, 0% used [0x00000007a6d00000,0x00000007a6d00000,0x00000007a7680000)
  to   space 10240K, 0% used [0x00000007aaa00000,0x00000007aaa00000,0x00000007ab400000)
 ParOldGen       total 68608K, used 16137K [0x0000000760000000, 0x0000000764300000, 0x00000007a0000000)
  object space 68608K, 23% used [0x0000000760000000,0x0000000760fc2568,0x0000000764300000)
 Metaspace       used 41796K, capacity 42574K, committed 42928K, reserved 1085440K
  class space    used 5686K, capacity 5943K, committed 6064K, reserved 1048576K
Event: 49.527 GC heap after
Heap after GC invocations=12 (full 2):
 PSYoungGen      total 172544K, used 10222K [0x00000007a0000000, 0x00000007ab580000, 0x00000007c0000000)
  eden space 162304K, 0% used [0x00000007a0000000,0x00000007a0000000,0x00000007a9e80000)
  from space 10240K, 99% used [0x00000007aaa00000,0x00000007ab3fbbb0,0x00000007ab400000)
  to   space 11776K, 0% used [0x00000007a9e80000,0x00000007a9e80000,0x00000007aaa00000)
 ParOldGen       total 68608K, used 17609K [0x0000000760000000, 0x0000000764300000, 0x00000007a0000000)
  object space 68608K, 25% used [0x0000000760000000,0x00000007611324d8,0x0000000764300000)
 Metaspace       used 41796K, capacity 42574K, committed 42928K, reserved 1085440K
  class space    used 5686K, capacity 5943K, committed 6064K, reserved 1048576K
}
Event: 51.833 GC heap before
{Heap before GC invocations=13 (full 2):
 PSYoungGen      total 172544K, used 172526K [0x00000007a0000000, 0x00000007ab580000, 0x00000007c0000000)
  eden space 162304K, 100% used [0x00000007a0000000,0x00000007a9e80000,0x00000007a9e80000)
  from space 10240K, 99% used [0x00000007aaa00000,0x00000007ab3fbbb0,0x00000007ab400000)
  to   space 11776K, 0% used [0x00000007a9e80000,0x00000007a9e80000,0x00000007aaa00000)
 ParOldGen       total 68608K, used 17609K [0x0000000760000000, 0x0000000764300000, 0x00000007a0000000)
  object space 68608K, 25% used [0x0000000760000000,0x00000007611324d8,0x0000000764300000)
 Metaspace       used 47023K, capacity 48034K, committed 48176K, reserved 1091584K
  class space    used 6375K, capacity 6698K, committed 6704K, reserved 1048576K
Event: 51.852 GC heap after
Heap after GC invocations=13 (full 2):
 PSYoungGen      total 174080K, used 8236K [0x00000007a0000000, 0x00000007afd00000, 0x00000007c0000000)
  eden space 162304K, 0% used [0x00000007a0000000,0x00000007a0000000,0x00000007a9e80000)
  from space 11776K, 69% used [0x00000007a9e80000,0x00000007aa68b250,0x00000007aaa00000)
  to   space 11776K, 0% used [0x00000007af180000,0x00000007af180000,0x00000007afd00000)
 ParOldGen       total 68608K, used 24318K [0x0000000760000000, 0x0000000764300000, 0x00000007a0000000)
  object space 68608K, 35% used [0x0000000760000000,0x00000007617bfa30,0x0000000764300000)
 Metaspace       used 47023K, capacity 48034K, committed 48176K, reserved 1091584K
  class space    used 6375K, capacity 6698K, committed 6704K, reserved 1048576K
}
Event: 55.700 GC heap before
{Heap before GC invocations=14 (full 2):
 PSYoungGen      total 174080K, used 170540K [0x00000007a0000000, 0x00000007afd00000, 0x00000007c0000000)
  eden space 162304K, 100% used [0x00000007a0000000,0x00000007a9e80000,0x00000007a9e80000)
  from space 11776K, 69% used [0x00000007a9e80000,0x00000007aa68b250,0x00000007aaa00000)
  to   space 11776K, 0% used [0x00000007af180000,0x00000007af180000,0x00000007afd00000)
 ParOldGen       total 68608K, used 24318K [0x0000000760000000, 0x0000000764300000, 0x00000007a0000000)
  object space 68608K, 35% used [0x0000000760000000,0x00000007617bfa30,0x0000000764300000)
 Metaspace       used 55108K, capacity 56826K, committed 57008K, reserved 1097728K
  class space    used 7573K, capacity 8000K, committed 8112K, reserved 1048576K
Event: 55.744 GC heap after
Heap after GC invocations=14 (full 2):
 PSYoungGen      total 242176K, used 11744K [0x00000007a0000000, 0x00000007b0800000, 0x00000007c0000000)
  eden space 230400K, 0% used [0x00000007a0000000,0x00000007a0000000,0x00000007ae100000)
  from space 11776K, 99% used [0x00000007af180000,0x00000007afcf8050,0x00000007afd00000)
  to   space 16896K, 0% used [0x00000007ae100000,0x00000007ae100000,0x00000007af180000)
 ParOldGen       total 68608K, used 34326K [0x0000000760000000, 0x0000000764300000, 0x00000007a0000000)
  object space 68608K, 50% used [0x0000000760000000,0x0000000762185858,0x0000000764300000)
 Metaspace       used 55108K, capacity 56826K, committed 57008K, reserved 1097728K
  class space    used 7573K, capacity 8000K, committed 8112K, reserved 1048576K
}
Event: 59.470 GC heap before
{Heap before GC invocations=15 (full 2):
 PSYoungGen      total 242176K, used 74844K [0x00000007a0000000, 0x00000007b0800000, 0x00000007c0000000)
  eden space 230400K, 27% used [0x00000007a0000000,0x00000007a3d9f218,0x00000007ae100000)
  from space 11776K, 99% used [0x00000007af180000,0x00000007afcf8050,0x00000007afd00000)
  to   space 16896K, 0% used [0x00000007ae100000,0x00000007ae100000,0x00000007af180000)
 ParOldGen       total 68608K, used 34326K [0x0000000760000000, 0x0000000764300000, 0x00000007a0000000)
  object space 68608K, 50% used [0x0000000760000000,0x0000000762185858,0x0000000764300000)
 Metaspace       used 57274K, capacity 59090K, committed 59160K, reserved 1099776K
  class space    used 7851K, capacity 8304K, committed 8368K, reserved 1048576K
Event: 59.510 GC heap after
Heap after GC invocations=15 (full 2):
 PSYoungGen      total 247296K, used 2682K [0x00000007a0000000, 0x00000007b6900000, 0x00000007c0000000)
  eden space 230400K, 0% used [0x00000007a0000000,0x00000007a0000000,0x00000007ae100000)
  from space 16896K, 15% used [0x00000007ae100000,0x00000007ae39ea80,0x00000007af180000)
  to   space 16896K, 0% used [0x00000007b5880000,0x00000007b5880000,0x00000007b6900000)
 ParOldGen       total 68608K, used 44356K [0x0000000760000000, 0x0000000764300000, 0x00000007a0000000)
  object space 68608K, 64% used [0x0000000760000000,0x0000000762b511e0,0x0000000764300000)
 Metaspace       used 57274K, capacity 59090K, committed 59160K, reserved 1099776K
  class space    used 7851K, capacity 8304K, committed 8368K, reserved 1048576K
}
Event: 59.510 GC heap before
{Heap before GC invocations=16 (full 3):
 PSYoungGen      total 247296K, used 2682K [0x00000007a0000000, 0x00000007b6900000, 0x00000007c0000000)
  eden space 230400K, 0% used [0x00000007a0000000,0x00000007a0000000,0x00000007ae100000)
  from space 16896K, 15% used [0x00000007ae100000,0x00000007ae39ea80,0x00000007af180000)
  to   space 16896K, 0% used [0x00000007b5880000,0x00000007b5880000,0x00000007b6900000)
 ParOldGen       total 68608K, used 44356K [0x0000000760000000, 0x0000000764300000, 0x00000007a0000000)
  object space 68608K, 64% used [0x0000000760000000,0x0000000762b511e0,0x0000000764300000)
 Metaspace       used 57274K, capacity 59090K, committed 59160K, reserved 1099776K
  class space    used 7851K, capacity 8304K, committed 8368K, reserved 1048576K
Event: 59.807 GC heap after
Heap after GC invocations=16 (full 3):
 PSYoungGen      total 247296K, used 0K [0x00000007a0000000, 0x00000007b6900000, 0x00000007c0000000)
  eden space 230400K, 0% used [0x00000007a0000000,0x00000007a0000000,0x00000007ae100000)
  from space 16896K, 0% used [0x00000007ae100000,0x00000007ae100000,0x00000007af180000)
  to   space 16896K, 0% used [0x00000007b5880000,0x00000007b5880000,0x00000007b6900000)
 ParOldGen       total 105984K, used 31400K [0x0000000760000000, 0x0000000766780000, 0x00000007a0000000)
  object space 105984K, 29% used [0x0000000760000000,0x0000000761eaa2b8,0x0000000766780000)
 Metaspace       used 57272K, capacity 59084K, committed 59160K, reserved 1099776K
  class space    used 7851K, capacity 8303K, committed 8368K, reserved 1048576K
}

