# JRE version: OpenJDK Runtime Environment (8.0_152-b01) (build 1.8.0_152-release-884-b01)
# Java VM: OpenJDK 64-Bit Server VM (25.152-b01 mixed mode bsd-amd64 compressed oops)
Heap:
 PSYoungGen      total 366080K, used 80515K [0x00000007a0000000, 0x00000007b8c80000, 0x00000007c0000000)
  eden space 340480K, 16% used [0x00000007a0000000,0x00000007a35a2d60,0x00000007b4c80000)
  from space 25600K, 99% used [0x00000007b5a80000,0x00000007b737e228,0x00000007b7380000)
  to   space 25600K, 0% used [0x00000007b7380000,0x00000007b7380000,0x00000007b8c80000)
 ParOldGen       total 121344K, used 71777K [0x0000000760000000, 0x0000000767680000, 0x00000007a0000000)
  object space 121344K, 59% used [0x0000000760000000,0x0000000764618478,0x0000000767680000)
 Metaspace       used 76753K, capacity 80442K, committed 80728K, reserved 1120256K
  class space    used 9926K, capacity 10828K, committed 10880K, reserved 1048576K
GC Heap History (10 events):
Event: 43.460 GC heap before
{Heap before GC invocations=12 (full 2):
 PSYoungGen      total 225280K, used 213624K [0x00000007a0000000, 0x00000007b3580000, 0x00000007c0000000)
  eden space 212992K, 94% used [0x00000007a0000000,0x00000007ac49fe00,0x00000007ad000000)
  from space 12288K, 99% used [0x00000007ad000000,0x00000007adbfe570,0x00000007adc00000)
  to   space 16384K, 0% used [0x00000007b2580000,0x00000007b2580000,0x00000007b3580000)
 ParOldGen       total 74240K, used 22416K [0x0000000760000000, 0x0000000764880000, 0x00000007a0000000)
  object space 74240K, 30% used [0x0000000760000000,0x00000007615e4100,0x0000000764880000)
 Metaspace       used 57183K, capacity 58922K, committed 59028K, reserved 1099776K
  class space    used 7656K, capacity 8136K, committed 8192K, reserved 1048576K
Event: 43.520 GC heap after
Heap after GC invocations=12 (full 2):
 PSYoungGen      total 294400K, used 16364K [0x00000007a0000000, 0x00000007b4580000, 0x00000007c0000000)
  eden space 278016K, 0% used [0x00000007a0000000,0x00000007a0000000,0x00000007b0f80000)
  from space 16384K, 99% used [0x00000007b2580000,0x00000007b357b2f0,0x00000007b3580000)
  to   space 22528K, 0% used [0x00000007b0f80000,0x00000007b0f80000,0x00000007b2580000)
 ParOldGen       total 74240K, used 32720K [0x0000000760000000, 0x0000000764880000, 0x00000007a0000000)
  object space 74240K, 44% used [0x0000000760000000,0x0000000761ff43f0,0x0000000764880000)
 Metaspace       used 57183K, capacity 58922K, committed 59028K, reserved 1099776K
  class space    used 7656K, capacity 8136K, committed 8192K, reserved 1048576K
}
Event: 43.520 GC heap before
{Heap before GC invocations=13 (full 3):
 PSYoungGen      total 294400K, used 16364K [0x00000007a0000000, 0x00000007b4580000, 0x00000007c0000000)
  eden space 278016K, 0% used [0x00000007a0000000,0x00000007a0000000,0x00000007b0f80000)
  from space 16384K, 99% used [0x00000007b2580000,0x00000007b357b2f0,0x00000007b3580000)
  to   space 22528K, 0% used [0x00000007b0f80000,0x00000007b0f80000,0x00000007b2580000)
 ParOldGen       total 74240K, used 32720K [0x0000000760000000, 0x0000000764880000, 0x00000007a0000000)
  object space 74240K, 44% used [0x0000000760000000,0x0000000761ff43f0,0x0000000764880000)
 Metaspace       used 57183K, capacity 58922K, committed 59028K, reserved 1099776K
  class space    used 7656K, capacity 8136K, committed 8192K, reserved 1048576K
Event: 43.840 GC heap after
Heap after GC invocations=13 (full 3):
 PSYoungGen      total 294400K, used 0K [0x00000007a0000000, 0x00000007b4580000, 0x00000007c0000000)
  eden space 278016K, 0% used [0x00000007a0000000,0x00000007a0000000,0x00000007b0f80000)
  from space 16384K, 0% used [0x00000007b2580000,0x00000007b2580000,0x00000007b3580000)
  to   space 22528K, 0% used [0x00000007b0f80000,0x00000007b0f80000,0x00000007b2580000)
 ParOldGen       total 121344K, used 40985K [0x0000000760000000, 0x0000000767680000, 0x00000007a0000000)
  object space 121344K, 33% used [0x0000000760000000,0x0000000762806488,0x0000000767680000)
 Metaspace       used 57159K, capacity 58834K, committed 59028K, reserved 1099776K
  class space    used 7649K, capacity 8128K, committed 8192K, reserved 1048576K
}
Event: 68.283 GC heap before
{Heap before GC invocations=14 (full 3):
 PSYoungGen      total 294400K, used 278016K [0x00000007a0000000, 0x00000007b4580000, 0x00000007c0000000)
  eden space 278016K, 100% used [0x00000007a0000000,0x00000007b0f80000,0x00000007b0f80000)
  from space 16384K, 0% used [0x00000007b2580000,0x00000007b2580000,0x00000007b3580000)
  to   space 22528K, 0% used [0x00000007b0f80000,0x00000007b0f80000,0x00000007b2580000)
 ParOldGen       total 121344K, used 40985K [0x0000000760000000, 0x0000000767680000, 0x00000007a0000000)
  object space 121344K, 33% used [0x0000000760000000,0x0000000762806488,0x0000000767680000)
 Metaspace       used 66979K, capacity 69900K, committed 70232K, reserved 1110016K
  class space    used 8793K, capacity 9503K, committed 9600K, reserved 1048576K
Event: 68.338 GC heap after
Heap after GC invocations=14 (full 3):
 PSYoungGen      total 300544K, used 22498K [0x00000007a0000000, 0x00000007b8e80000, 0x00000007c0000000)
  eden space 278016K, 0% used [0x00000007a0000000,0x00000007a0000000,0x00000007b0f80000)
  from space 22528K, 99% used [0x00000007b0f80000,0x00000007b25789c8,0x00000007b2580000)
  to   space 26624K, 0% used [0x00000007b7480000,0x00000007b7480000,0x00000007b8e80000)
 ParOldGen       total 121344K, used 43821K [0x0000000760000000, 0x0000000767680000, 0x00000007a0000000)
  object space 121344K, 36% used [0x0000000760000000,0x0000000762acb450,0x0000000767680000)
 Metaspace       used 66979K, capacity 69900K, committed 70232K, reserved 1110016K
  class space    used 8793K, capacity 9503K, committed 9600K, reserved 1048576K
}
Event: 79.169 GC heap before
{Heap before GC invocations=15 (full 3):
 PSYoungGen      total 300544K, used 300514K [0x00000007a0000000, 0x00000007b8e80000, 0x00000007c0000000)
  eden space 278016K, 100% used [0x00000007a0000000,0x00000007b0f80000,0x00000007b0f80000)
  from space 22528K, 99% used [0x00000007b0f80000,0x00000007b25789c8,0x00000007b2580000)
  to   space 26624K, 0% used [0x00000007b7480000,0x00000007b7480000,0x00000007b8e80000)
 ParOldGen       total 121344K, used 43821K [0x0000000760000000, 0x0000000767680000, 0x00000007a0000000)
  object space 121344K, 36% used [0x0000000760000000,0x0000000762acb450,0x0000000767680000)
 Metaspace       used 73398K, capacity 76506K, committed 76632K, reserved 1116160K
  class space    used 9554K, capacity 10344K, committed 10368K, reserved 1048576K
Event: 79.283 GC heap after
Heap after GC invocations=15 (full 3):
 PSYoungGen      total 379392K, used 9503K [0x00000007a0000000, 0x00000007b8c80000, 0x00000007c0000000)
  eden space 354816K, 0% used [0x00000007a0000000,0x00000007a0000000,0x00000007b5a80000)
  from space 24576K, 38% used [0x00000007b7480000,0x00000007b7dc7d08,0x00000007b8c80000)
  to   space 25600K, 0% used [0x00000007b5a80000,0x00000007b5a80000,0x00000007b7380000)
 ParOldGen       total 121344K, used 63475K [0x0000000760000000, 0x0000000767680000, 0x00000007a0000000)
  object space 121344K, 52% used [0x0000000760000000,0x0000000763dfcf60,0x0000000767680000)
 Metaspace       used 73398K, capacity 76506K, committed 76632K, reserved 1116160K
  class space    used 9554K, capacity 10344K, committed 10368K, reserved 1048576K
}
Event: 2469.093 GC heap before
{Heap before GC invocations=16 (full 3):
 PSYoungGen      total 379392K, used 364319K [0x00000007a0000000, 0x00000007b8c80000, 0x00000007c0000000)
  eden space 354816K, 100% used [0x00000007a0000000,0x00000007b5a80000,0x00000007b5a80000)
  from space 24576K, 38% used [0x00000007b7480000,0x00000007b7dc7d08,0x00000007b8c80000)
  to   space 25600K, 0% used [0x00000007b5a80000,0x00000007b5a80000,0x00000007b7380000)
 ParOldGen       total 121344K, used 63475K [0x0000000760000000, 0x0000000767680000, 0x00000007a0000000)
  object space 121344K, 52% used [0x0000000760000000,0x0000000763dfcf60,0x0000000767680000)
 Metaspace       used 75090K, capacity 78542K, committed 78680K, reserved 1118208K
  class space    used 9690K, capacity 10556K, committed 10624K, reserved 1048576K
Event: 2469.340 GC heap after
Heap after GC invocations=16 (full 3):
 PSYoungGen      total 366080K, used 25592K [0x00000007a0000000, 0x00000007b8c80000, 0x00000007c0000000)
  eden space 340480K, 0% used [0x00000007a0000000,0x00000007a0000000,0x00000007b4c80000)
  from space 25600K, 99% used [0x00000007b5a80000,0x00000007b737e228,0x00000007b7380000)
  to   space 25600K, 0% used [0x00000007b7380000,0x00000007b7380000,0x00000007b8c80000)
 ParOldGen       total 121344K, used 71777K [0x0000000760000000, 0x0000000767680000, 0x00000007a0000000)
  object space 121344K, 59% used [0x0000000760000000,0x0000000764618478,0x0000000767680000)
 Metaspace       used 75090K, capacity 78542K, committed 78680K, reserved 1118208K
  class space    used 9690K, capacity 10556K, committed 10624K, reserved 1048576K
}

