# JRE version: Java(TM) SE Runtime Environment (8.0_141-b15) (build 1.8.0_141-b15)
# Java VM: Java HotSpot(TM) 64-Bit Server VM (25.141-b15 mixed mode bsd-amd64 compressed oops)
Heap:
 PSYoungGen      total 308736K, used 133258K [0x00000007a0000000, 0x00000007bb900000, 0x00000007c0000000)
  eden space 288768K, 46% used [0x00000007a0000000,0x00000007a8222bd8,0x00000007b1a00000)
  from space 19968K, 0% used [0x00000007b1a00000,0x00000007b1a00000,0x00000007b2d80000)
  to   space 18944K, 0% used [0x00000007ba680000,0x00000007ba680000,0x00000007bb900000)
 ParOldGen       total 117760K, used 39180K [0x0000000760000000, 0x0000000767300000, 0x00000007a0000000)
  object space 117760K, 33% used [0x0000000760000000,0x0000000762643150,0x0000000767300000)
 Metaspace       used 60811K, capacity 62718K, committed 63000K, reserved 1103872K
  class space    used 8280K, capacity 8721K, committed 8752K, reserved 1048576K
GC Heap History (10 events):
Event: 52.551 GC heap before
{Heap before GC invocations=10 (full 2):
 PSYoungGen      total 215040K, used 8514K [0x00000007a0000000, 0x00000007af600000, 0x00000007c0000000)
  eden space 204288K, 0% used [0x00000007a0000000,0x00000007a0000000,0x00000007ac780000)
  from space 10752K, 79% used [0x00000007ad280000,0x00000007adad08e0,0x00000007add00000)
  to   space 11264K, 0% used [0x00000007ac780000,0x00000007ac780000,0x00000007ad280000)
 ParOldGen       total 52224K, used 8097K [0x0000000760000000, 0x0000000763300000, 0x00000007a0000000)
  object space 52224K, 15% used [0x0000000760000000,0x00000007607e85c8,0x0000000763300000)
 Metaspace       used 34493K, capacity 35204K, committed 35496K, reserved 1079296K
  class space    used 4794K, capacity 5020K, committed 5040K, reserved 1048576K
Event: 52.681 GC heap after
Heap after GC invocations=10 (full 2):
 PSYoungGen      total 215040K, used 0K [0x00000007a0000000, 0x00000007af600000, 0x00000007c0000000)
  eden space 204288K, 0% used [0x00000007a0000000,0x00000007a0000000,0x00000007ac780000)
  from space 10752K, 0% used [0x00000007ad280000,0x00000007ad280000,0x00000007add00000)
  to   space 11264K, 0% used [0x00000007ac780000,0x00000007ac780000,0x00000007ad280000)
 ParOldGen       total 70144K, used 15050K [0x0000000760000000, 0x0000000764480000, 0x00000007a0000000)
  object space 70144K, 21% used [0x0000000760000000,0x0000000760eb2a50,0x0000000764480000)
 Metaspace       used 34493K, capacity 35204K, committed 35496K, reserved 1079296K
  class space    used 4794K, capacity 5020K, committed 5040K, reserved 1048576K
}
Event: 59.057 GC heap before
{Heap before GC invocations=11 (full 2):
 PSYoungGen      total 215040K, used 204288K [0x00000007a0000000, 0x00000007af600000, 0x00000007c0000000)
  eden space 204288K, 100% used [0x00000007a0000000,0x00000007ac780000,0x00000007ac780000)
  from space 10752K, 0% used [0x00000007ad280000,0x00000007ad280000,0x00000007add00000)
  to   space 11264K, 0% used [0x00000007ac780000,0x00000007ac780000,0x00000007ad280000)
 ParOldGen       total 70144K, used 15050K [0x0000000760000000, 0x0000000764480000, 0x00000007a0000000)
  object space 70144K, 21% used [0x0000000760000000,0x0000000760eb2a50,0x0000000764480000)
 Metaspace       used 46941K, capacity 47870K, committed 48168K, reserved 1091584K
  class space    used 6384K, capacity 6694K, committed 6704K, reserved 1048576K
Event: 59.105 GC heap after
Heap after GC invocations=11 (full 2):
 PSYoungGen      total 215552K, used 11234K [0x00000007a0000000, 0x00000007b3c00000, 0x00000007c0000000)
  eden space 204288K, 0% used [0x00000007a0000000,0x00000007a0000000,0x00000007ac780000)
  from space 11264K, 99% used [0x00000007ac780000,0x00000007ad2789f8,0x00000007ad280000)
  to   space 14848K, 0% used [0x00000007b2d80000,0x00000007b2d80000,0x00000007b3c00000)
 ParOldGen       total 70144K, used 21214K [0x0000000760000000, 0x0000000764480000, 0x00000007a0000000)
  object space 70144K, 30% used [0x0000000760000000,0x00000007614b7920,0x0000000764480000)
 Metaspace       used 46941K, capacity 47870K, committed 48168K, reserved 1091584K
  class space    used 6384K, capacity 6694K, committed 6704K, reserved 1048576K
}
Event: 64.086 GC heap before
{Heap before GC invocations=12 (full 2):
 PSYoungGen      total 215552K, used 215522K [0x00000007a0000000, 0x00000007b3c00000, 0x00000007c0000000)
  eden space 204288K, 100% used [0x00000007a0000000,0x00000007ac780000,0x00000007ac780000)
  from space 11264K, 99% used [0x00000007ac780000,0x00000007ad2789f8,0x00000007ad280000)
  to   space 14848K, 0% used [0x00000007b2d80000,0x00000007b2d80000,0x00000007b3c00000)
 ParOldGen       total 70144K, used 21214K [0x0000000760000000, 0x0000000764480000, 0x00000007a0000000)
  object space 70144K, 30% used [0x0000000760000000,0x00000007614b7920,0x0000000764480000)
 Metaspace       used 54638K, capacity 56364K, committed 56616K, reserved 1097728K
  class space    used 7502K, capacity 7927K, committed 7984K, reserved 1048576K
Event: 64.134 GC heap after
Heap after GC invocations=12 (full 2):
 PSYoungGen      total 303616K, used 14828K [0x00000007a0000000, 0x00000007b4580000, 0x00000007c0000000)
  eden space 288768K, 0% used [0x00000007a0000000,0x00000007a0000000,0x00000007b1a00000)
  from space 14848K, 99% used [0x00000007b2d80000,0x00000007b3bfb310,0x00000007b3c00000)
  to   space 19968K, 0% used [0x00000007b1a00000,0x00000007b1a00000,0x00000007b2d80000)
 ParOldGen       total 70144K, used 30289K [0x0000000760000000, 0x0000000764480000, 0x00000007a0000000)
  object space 70144K, 43% used [0x0000000760000000,0x0000000761d94458,0x0000000764480000)
 Metaspace       used 54638K, capacity 56364K, committed 56616K, reserved 1097728K
  class space    used 7502K, capacity 7927K, committed 7984K, reserved 1048576K
}
Event: 67.981 GC heap before
{Heap before GC invocations=13 (full 2):
 PSYoungGen      total 303616K, used 97079K [0x00000007a0000000, 0x00000007b4580000, 0x00000007c0000000)
  eden space 288768K, 28% used [0x00000007a0000000,0x00000007a5052918,0x00000007b1a00000)
  from space 14848K, 99% used [0x00000007b2d80000,0x00000007b3bfb310,0x00000007b3c00000)
  to   space 19968K, 0% used [0x00000007b1a00000,0x00000007b1a00000,0x00000007b2d80000)
 ParOldGen       total 70144K, used 30289K [0x0000000760000000, 0x0000000764480000, 0x00000007a0000000)
  object space 70144K, 43% used [0x0000000760000000,0x0000000761d94458,0x0000000764480000)
 Metaspace       used 57351K, capacity 59100K, committed 59160K, reserved 1099776K
  class space    used 7824K, capacity 8239K, committed 8240K, reserved 1048576K
Event: 68.016 GC heap after
Heap after GC invocations=13 (full 2):
 PSYoungGen      total 308736K, used 9696K [0x00000007a0000000, 0x00000007bb900000, 0x00000007c0000000)
  eden space 288768K, 0% used [0x00000007a0000000,0x00000007a0000000,0x00000007b1a00000)
  from space 19968K, 48% used [0x00000007b1a00000,0x00000007b23780b0,0x00000007b2d80000)
  to   space 18944K, 0% used [0x00000007ba680000,0x00000007ba680000,0x00000007bb900000)
 ParOldGen       total 70144K, used 44983K [0x0000000760000000, 0x0000000764480000, 0x00000007a0000000)
  object space 70144K, 64% used [0x0000000760000000,0x0000000762bedef0,0x0000000764480000)
 Metaspace       used 57351K, capacity 59100K, committed 59160K, reserved 1099776K
  class space    used 7824K, capacity 8239K, committed 8240K, reserved 1048576K
}
Event: 68.016 GC heap before
{Heap before GC invocations=14 (full 3):
 PSYoungGen      total 308736K, used 9696K [0x00000007a0000000, 0x00000007bb900000, 0x00000007c0000000)
  eden space 288768K, 0% used [0x00000007a0000000,0x00000007a0000000,0x00000007b1a00000)
  from space 19968K, 48% used [0x00000007b1a00000,0x00000007b23780b0,0x00000007b2d80000)
  to   space 18944K, 0% used [0x00000007ba680000,0x00000007ba680000,0x00000007bb900000)
 ParOldGen       total 70144K, used 44983K [0x0000000760000000, 0x0000000764480000, 0x00000007a0000000)
  object space 70144K, 64% used [0x0000000760000000,0x0000000762bedef0,0x0000000764480000)
 Metaspace       used 57351K, capacity 59100K, committed 59160K, reserved 1099776K
  class space    used 7824K, capacity 8239K, committed 8240K, reserved 1048576K
Event: 68.333 GC heap after
Heap after GC invocations=14 (full 3):
 PSYoungGen      total 308736K, used 0K [0x00000007a0000000, 0x00000007bb900000, 0x00000007c0000000)
  eden space 288768K, 0% used [0x00000007a0000000,0x00000007a0000000,0x00000007b1a00000)
  from space 19968K, 0% used [0x00000007b1a00000,0x00000007b1a00000,0x00000007b2d80000)
  to   space 18944K, 0% used [0x00000007ba680000,0x00000007ba680000,0x00000007bb900000)
 ParOldGen       total 117760K, used 39180K [0x0000000760000000, 0x0000000767300000, 0x00000007a0000000)
  object space 117760K, 33% used [0x0000000760000000,0x0000000762643150,0x0000000767300000)
 Metaspace       used 57351K, capacity 59100K, committed 59160K, reserved 1099776K
  class space    used 7824K, capacity 8239K, committed 8240K, reserved 1048576K
}

