# JRE version: OpenJDK Runtime Environment (8.0_152-b01) (build 1.8.0_152-release-884-b01)
# Java VM: OpenJDK 64-Bit Server VM (25.152-b01 mixed mode bsd-amd64 compressed oops)
Heap:
 PSYoungGen      total 184320K, used 137616K [0x00000007a0000000, 0x00000007b1180000, 0x00000007c0000000)
  eden space 172032K, 74% used [0x00000007a0000000,0x00000007a7d5c958,0x00000007aa800000)
  from space 12288K, 75% used [0x00000007aa800000,0x00000007ab1079e0,0x00000007ab400000)
  to   space 12288K, 0% used [0x00000007b0580000,0x00000007b0580000,0x00000007b1180000)
 ParOldGen       total 66560K, used 25595K [0x0000000760000000, 0x0000000764100000, 0x00000007a0000000)
  object space 66560K, 38% used [0x0000000760000000,0x00000007618fed68,0x0000000764100000)
 Metaspace       used 55140K, capacity 56994K, committed 57048K, reserved 1097728K
  class space    used 7459K, capacity 7919K, committed 7936K, reserved 1048576K
GC Heap History (10 events):
Event: 38.942 GC heap before
{Heap before GC invocations=9 (full 1):
 PSYoungGen      total 72704K, used 69288K [0x00000007a0000000, 0x00000007a8600000, 0x00000007c0000000)
  eden space 62464K, 100% used [0x00000007a0000000,0x00000007a3d00000,0x00000007a3d00000)
  from space 10240K, 66% used [0x00000007a3d00000,0x00000007a43aa3b0,0x00000007a4700000)
  to   space 10240K, 0% used [0x00000007a7c00000,0x00000007a7c00000,0x00000007a8600000)
 ParOldGen       total 49664K, used 7781K [0x0000000760000000, 0x0000000763080000, 0x00000007a0000000)
  object space 49664K, 15% used [0x0000000760000000,0x0000000760799740,0x0000000763080000)
 Metaspace       used 29870K, capacity 30410K, committed 30720K, reserved 1075200K
  class space    used 4078K, capacity 4286K, committed 4352K, reserved 1048576K
Event: 38.955 GC heap after
Heap after GC invocations=9 (full 1):
 PSYoungGen      total 125952K, used 6097K [0x00000007a0000000, 0x00000007a8500000, 0x00000007c0000000)
  eden space 116736K, 0% used [0x00000007a0000000,0x00000007a0000000,0x00000007a7200000)
  from space 9216K, 66% used [0x00000007a7c00000,0x00000007a81f4400,0x00000007a8500000)
  to   space 9728K, 0% used [0x00000007a7200000,0x00000007a7200000,0x00000007a7b80000)
 ParOldGen       total 49664K, used 7789K [0x0000000760000000, 0x0000000763080000, 0x00000007a0000000)
  object space 49664K, 15% used [0x0000000760000000,0x000000076079b740,0x0000000763080000)
 Metaspace       used 29870K, capacity 30410K, committed 30720K, reserved 1075200K
  class space    used 4078K, capacity 4286K, committed 4352K, reserved 1048576K
}
Event: 66.117 GC heap before
{Heap before GC invocations=10 (full 1):
 PSYoungGen      total 125952K, used 49649K [0x00000007a0000000, 0x00000007a8500000, 0x00000007c0000000)
  eden space 116736K, 37% used [0x00000007a0000000,0x00000007a2a88220,0x00000007a7200000)
  from space 9216K, 66% used [0x00000007a7c00000,0x00000007a81f4400,0x00000007a8500000)
  to   space 9728K, 0% used [0x00000007a7200000,0x00000007a7200000,0x00000007a7b80000)
 ParOldGen       total 49664K, used 7789K [0x0000000760000000, 0x0000000763080000, 0x00000007a0000000)
  object space 49664K, 15% used [0x0000000760000000,0x000000076079b740,0x0000000763080000)
 Metaspace       used 34622K, capacity 35316K, committed 35416K, reserved 1079296K
  class space    used 4704K, capacity 4988K, committed 4992K, reserved 1048576K
Event: 66.149 GC heap after
Heap after GC invocations=10 (full 1):
 PSYoungGen      total 126464K, used 8274K [0x00000007a0000000, 0x00000007abf80000, 0x00000007c0000000)
  eden space 116736K, 0% used [0x00000007a0000000,0x00000007a0000000,0x00000007a7200000)
  from space 9728K, 85% used [0x00000007a7200000,0x00000007a7a148b8,0x00000007a7b80000)
  to   space 10240K, 0% used [0x00000007ab580000,0x00000007ab580000,0x00000007abf80000)
 ParOldGen       total 49664K, used 9217K [0x0000000760000000, 0x0000000763080000, 0x00000007a0000000)
  object space 49664K, 18% used [0x0000000760000000,0x00000007609007a0,0x0000000763080000)
 Metaspace       used 34622K, capacity 35316K, committed 35416K, reserved 1079296K
  class space    used 4704K, capacity 4988K, committed 4992K, reserved 1048576K
}
Event: 66.149 GC heap before
{Heap before GC invocations=11 (full 2):
 PSYoungGen      total 126464K, used 8274K [0x00000007a0000000, 0x00000007abf80000, 0x00000007c0000000)
  eden space 116736K, 0% used [0x00000007a0000000,0x00000007a0000000,0x00000007a7200000)
  from space 9728K, 85% used [0x00000007a7200000,0x00000007a7a148b8,0x00000007a7b80000)
  to   space 10240K, 0% used [0x00000007ab580000,0x00000007ab580000,0x00000007abf80000)
 ParOldGen       total 49664K, used 9217K [0x0000000760000000, 0x0000000763080000, 0x00000007a0000000)
  object space 49664K, 18% used [0x0000000760000000,0x00000007609007a0,0x0000000763080000)
 Metaspace       used 34622K, capacity 35316K, committed 35416K, reserved 1079296K
  class space    used 4704K, capacity 4988K, committed 4992K, reserved 1048576K
Event: 66.267 GC heap after
Heap after GC invocations=11 (full 2):
 PSYoungGen      total 126464K, used 0K [0x00000007a0000000, 0x00000007abf80000, 0x00000007c0000000)
  eden space 116736K, 0% used [0x00000007a0000000,0x00000007a0000000,0x00000007a7200000)
  from space 9728K, 0% used [0x00000007a7200000,0x00000007a7200000,0x00000007a7b80000)
  to   space 10240K, 0% used [0x00000007ab580000,0x00000007ab580000,0x00000007abf80000)
 ParOldGen       total 66560K, used 16185K [0x0000000760000000, 0x0000000764100000, 0x00000007a0000000)
  object space 66560K, 24% used [0x0000000760000000,0x0000000760fce5e0,0x0000000764100000)
 Metaspace       used 34622K, capacity 35316K, committed 35416K, reserved 1079296K
  class space    used 4704K, capacity 4988K, committed 4992K, reserved 1048576K
}
Event: 68.078 GC heap before
{Heap before GC invocations=12 (full 2):
 PSYoungGen      total 126464K, used 116736K [0x00000007a0000000, 0x00000007abf80000, 0x00000007c0000000)
  eden space 116736K, 100% used [0x00000007a0000000,0x00000007a7200000,0x00000007a7200000)
  from space 9728K, 0% used [0x00000007a7200000,0x00000007a7200000,0x00000007a7b80000)
  to   space 10240K, 0% used [0x00000007ab580000,0x00000007ab580000,0x00000007abf80000)
 ParOldGen       total 66560K, used 16185K [0x0000000760000000, 0x0000000764100000, 0x00000007a0000000)
  object space 66560K, 24% used [0x0000000760000000,0x0000000760fce5e0,0x0000000764100000)
 Metaspace       used 41665K, capacity 42516K, committed 42712K, reserved 1085440K
  class space    used 5553K, capacity 5817K, committed 5888K, reserved 1048576K
Event: 68.107 GC heap after
Heap after GC invocations=12 (full 2):
 PSYoungGen      total 182272K, used 10231K [0x00000007a0000000, 0x00000007ac000000, 0x00000007c0000000)
  eden space 172032K, 0% used [0x00000007a0000000,0x00000007a0000000,0x00000007aa800000)
  from space 10240K, 99% used [0x00000007ab580000,0x00000007abf7de18,0x00000007abf80000)
  to   space 12288K, 0% used [0x00000007aa800000,0x00000007aa800000,0x00000007ab400000)
 ParOldGen       total 66560K, used 18235K [0x0000000760000000, 0x0000000764100000, 0x00000007a0000000)
  object space 66560K, 27% used [0x0000000760000000,0x00000007611cee60,0x0000000764100000)
 Metaspace       used 41665K, capacity 42516K, committed 42712K, reserved 1085440K
  class space    used 5553K, capacity 5817K, committed 5888K, reserved 1048576K
}
Event: 70.469 GC heap before
{Heap before GC invocations=13 (full 2):
 PSYoungGen      total 182272K, used 182263K [0x00000007a0000000, 0x00000007ac000000, 0x00000007c0000000)
  eden space 172032K, 100% used [0x00000007a0000000,0x00000007aa800000,0x00000007aa800000)
  from space 10240K, 99% used [0x00000007ab580000,0x00000007abf7de18,0x00000007abf80000)
  to   space 12288K, 0% used [0x00000007aa800000,0x00000007aa800000,0x00000007ab400000)
 ParOldGen       total 66560K, used 18235K [0x0000000760000000, 0x0000000764100000, 0x00000007a0000000)
  object space 66560K, 27% used [0x0000000760000000,0x00000007611cee60,0x0000000764100000)
 Metaspace       used 48408K, capacity 49614K, committed 49880K, reserved 1091584K
  class space    used 6442K, capacity 6816K, committed 6912K, reserved 1048576K
Event: 70.507 GC heap after
Heap after GC invocations=13 (full 2):
 PSYoungGen      total 184320K, used 9246K [0x00000007a0000000, 0x00000007b1180000, 0x00000007c0000000)
  eden space 172032K, 0% used [0x00000007a0000000,0x00000007a0000000,0x00000007aa800000)
  from space 12288K, 75% used [0x00000007aa800000,0x00000007ab1079e0,0x00000007ab400000)
  to   space 12288K, 0% used [0x00000007b0580000,0x00000007b0580000,0x00000007b1180000)
 ParOldGen       total 66560K, used 25595K [0x0000000760000000, 0x0000000764100000, 0x00000007a0000000)
  object space 66560K, 38% used [0x0000000760000000,0x00000007618fed68,0x0000000764100000)
 Metaspace       used 48408K, capacity 49614K, committed 49880K, reserved 1091584K
  class space    used 6442K, capacity 6816K, committed 6912K, reserved 1048576K
}

