# JRE version: Java(TM) SE Runtime Environment (8.0_141-b15) (build 1.8.0_141-b15)
# Java VM: Java HotSpot(TM) 64-Bit Server VM (25.141-b15 mixed mode bsd-amd64 compressed oops)
Heap:
 PSYoungGen      total 207872K, used 116289K [0x00000007a0000000, 0x00000007afe00000, 0x00000007c0000000)
  eden space 201728K, 54% used [0x00000007a0000000,0x00000007a6bc6ee8,0x00000007ac500000)
  from space 6144K, 96% used [0x00000007af800000,0x00000007afdc9818,0x00000007afe00000)
  to   space 24064K, 0% used [0x00000007acf00000,0x00000007acf00000,0x00000007ae680000)
 ParOldGen       total 132096K, used 56343K [0x0000000760000000, 0x0000000768100000, 0x00000007a0000000)
  object space 132096K, 42% used [0x0000000760000000,0x0000000763705cc0,0x0000000768100000)
 Metaspace       used 72033K, capacity 75418K, committed 75544K, reserved 1114112K
  class space    used 9611K, capacity 10431K, committed 10528K, reserved 1048576K
GC Heap History (10 events):
Event: 54.655 GC heap before
{Heap before GC invocations=15 (full 2):
 PSYoungGen      total 180224K, used 79022K [0x00000007a0000000, 0x00000007ac380000, 0x00000007c0000000)
  eden space 165888K, 42% used [0x00000007a0000000,0x00000007a444a820,0x00000007aa200000)
  from space 14336K, 63% used [0x00000007ab000000,0x00000007ab8e1230,0x00000007abe00000)
  to   space 14336K, 0% used [0x00000007aa200000,0x00000007aa200000,0x00000007ab000000)
 ParOldGen       total 83968K, used 28754K [0x0000000760000000, 0x0000000765200000, 0x00000007a0000000)
  object space 83968K, 34% used [0x0000000760000000,0x0000000761c14ac0,0x0000000765200000)
 Metaspace       used 57167K, capacity 59054K, committed 59160K, reserved 1099776K
  class space    used 7912K, capacity 8435K, committed 8480K, reserved 1048576K
Event: 54.677 GC heap after
Heap after GC invocations=15 (full 2):
 PSYoungGen      total 180224K, used 8339K [0x00000007a0000000, 0x00000007aed00000, 0x00000007c0000000)
  eden space 165888K, 0% used [0x00000007a0000000,0x00000007a0000000,0x00000007aa200000)
  from space 14336K, 58% used [0x00000007aa200000,0x00000007aaa24c18,0x00000007ab000000)
  to   space 13824K, 0% used [0x00000007adf80000,0x00000007adf80000,0x00000007aed00000)
 ParOldGen       total 83968K, used 32269K [0x0000000760000000, 0x0000000765200000, 0x00000007a0000000)
  object space 83968K, 38% used [0x0000000760000000,0x0000000761f83578,0x0000000765200000)
 Metaspace       used 57167K, capacity 59054K, committed 59160K, reserved 1099776K
  class space    used 7912K, capacity 8435K, committed 8480K, reserved 1048576K
}
Event: 54.677 GC heap before
{Heap before GC invocations=16 (full 3):
 PSYoungGen      total 180224K, used 8339K [0x00000007a0000000, 0x00000007aed00000, 0x00000007c0000000)
  eden space 165888K, 0% used [0x00000007a0000000,0x00000007a0000000,0x00000007aa200000)
  from space 14336K, 58% used [0x00000007aa200000,0x00000007aaa24c18,0x00000007ab000000)
  to   space 13824K, 0% used [0x00000007adf80000,0x00000007adf80000,0x00000007aed00000)
 ParOldGen       total 83968K, used 32269K [0x0000000760000000, 0x0000000765200000, 0x00000007a0000000)
  object space 83968K, 38% used [0x0000000760000000,0x0000000761f83578,0x0000000765200000)
 Metaspace       used 57167K, capacity 59054K, committed 59160K, reserved 1099776K
  class space    used 7912K, capacity 8435K, committed 8480K, reserved 1048576K
Event: 55.213 GC heap after
Heap after GC invocations=16 (full 3):
 PSYoungGen      total 180224K, used 0K [0x00000007a0000000, 0x00000007aed00000, 0x00000007c0000000)
  eden space 165888K, 0% used [0x00000007a0000000,0x00000007a0000000,0x00000007aa200000)
  from space 14336K, 0% used [0x00000007aa200000,0x00000007aa200000,0x00000007ab000000)
  to   space 13824K, 0% used [0x00000007adf80000,0x00000007adf80000,0x00000007aed00000)
 ParOldGen       total 132096K, used 35826K [0x0000000760000000, 0x0000000768100000, 0x00000007a0000000)
  object space 132096K, 27% used [0x0000000760000000,0x00000007622fcb78,0x0000000768100000)
 Metaspace       used 57167K, capacity 59054K, committed 59160K, reserved 1099776K
  class space    used 7912K, capacity 8435K, committed 8480K, reserved 1048576K
}
Event: 61.967 GC heap before
{Heap before GC invocations=17 (full 3):
 PSYoungGen      total 180224K, used 165888K [0x00000007a0000000, 0x00000007aed00000, 0x00000007c0000000)
  eden space 165888K, 100% used [0x00000007a0000000,0x00000007aa200000,0x00000007aa200000)
  from space 14336K, 0% used [0x00000007aa200000,0x00000007aa200000,0x00000007ab000000)
  to   space 13824K, 0% used [0x00000007adf80000,0x00000007adf80000,0x00000007aed00000)
 ParOldGen       total 132096K, used 35826K [0x0000000760000000, 0x0000000768100000, 0x00000007a0000000)
  object space 132096K, 27% used [0x0000000760000000,0x00000007622fcb78,0x0000000768100000)
 Metaspace       used 62964K, capacity 65546K, committed 65816K, reserved 1105920K
  class space    used 8537K, capacity 9198K, committed 9248K, reserved 1048576K
Event: 62.007 GC heap after
Heap after GC invocations=17 (full 3):
 PSYoungGen      total 208896K, used 13802K [0x00000007a0000000, 0x00000007aed00000, 0x00000007c0000000)
  eden space 195072K, 0% used [0x00000007a0000000,0x00000007a0000000,0x00000007abe80000)
  from space 13824K, 99% used [0x00000007adf80000,0x00000007aecfa888,0x00000007aed00000)
  to   space 16896K, 0% used [0x00000007acc00000,0x00000007acc00000,0x00000007adc80000)
 ParOldGen       total 132096K, used 40122K [0x0000000760000000, 0x0000000768100000, 0x00000007a0000000)
  object space 132096K, 30% used [0x0000000760000000,0x000000076272ebe8,0x0000000768100000)
 Metaspace       used 62964K, capacity 65546K, committed 65816K, reserved 1105920K
  class space    used 8537K, capacity 9198K, committed 9248K, reserved 1048576K
}
Event: 73.814 GC heap before
{Heap before GC invocations=18 (full 3):
 PSYoungGen      total 208896K, used 208874K [0x00000007a0000000, 0x00000007aed00000, 0x00000007c0000000)
  eden space 195072K, 100% used [0x00000007a0000000,0x00000007abe80000,0x00000007abe80000)
  from space 13824K, 99% used [0x00000007adf80000,0x00000007aecfa888,0x00000007aed00000)
  to   space 16896K, 0% used [0x00000007acc00000,0x00000007acc00000,0x00000007adc80000)
 ParOldGen       total 132096K, used 40122K [0x0000000760000000, 0x0000000768100000, 0x00000007a0000000)
  object space 132096K, 30% used [0x0000000760000000,0x000000076272ebe8,0x0000000768100000)
 Metaspace       used 66229K, capacity 69094K, committed 69272K, reserved 1110016K
  class space    used 8895K, capacity 9620K, committed 9632K, reserved 1048576K
Event: 73.892 GC heap after
Heap after GC invocations=18 (full 3):
 PSYoungGen      total 225792K, used 16864K [0x00000007a0000000, 0x00000007b1000000, 0x00000007c0000000)
  eden space 208896K, 0% used [0x00000007a0000000,0x00000007a0000000,0x00000007acc00000)
  from space 16896K, 99% used [0x00000007acc00000,0x00000007adc78310,0x00000007adc80000)
  to   space 24576K, 0% used [0x00000007af800000,0x00000007af800000,0x00000007b1000000)
 ParOldGen       total 132096K, used 54495K [0x0000000760000000, 0x0000000768100000, 0x00000007a0000000)
  object space 132096K, 41% used [0x0000000760000000,0x0000000763537c50,0x0000000768100000)
 Metaspace       used 66229K, capacity 69094K, committed 69272K, reserved 1110016K
  class space    used 8895K, capacity 9620K, committed 9632K, reserved 1048576K
}
Event: 1161.968 GC heap before
{Heap before GC invocations=19 (full 3):
 PSYoungGen      total 225792K, used 225760K [0x00000007a0000000, 0x00000007b1000000, 0x00000007c0000000)
  eden space 208896K, 100% used [0x00000007a0000000,0x00000007acc00000,0x00000007acc00000)
  from space 16896K, 99% used [0x00000007acc00000,0x00000007adc78310,0x00000007adc80000)
  to   space 24576K, 0% used [0x00000007af800000,0x00000007af800000,0x00000007b1000000)
 ParOldGen       total 132096K, used 54495K [0x0000000760000000, 0x0000000768100000, 0x00000007a0000000)
  object space 132096K, 41% used [0x0000000760000000,0x0000000763537c50,0x0000000768100000)
 Metaspace       used 70461K, capacity 73766K, committed 74008K, reserved 1114112K
  class space    used 9403K, capacity 10208K, committed 10272K, reserved 1048576K
Event: 1162.488 GC heap after
Heap after GC invocations=19 (full 3):
 PSYoungGen      total 207872K, used 5926K [0x00000007a0000000, 0x00000007afe00000, 0x00000007c0000000)
  eden space 201728K, 0% used [0x00000007a0000000,0x00000007a0000000,0x00000007ac500000)
  from space 6144K, 96% used [0x00000007af800000,0x00000007afdc9818,0x00000007afe00000)
  to   space 24064K, 0% used [0x00000007acf00000,0x00000007acf00000,0x00000007ae680000)
 ParOldGen       total 132096K, used 56343K [0x0000000760000000, 0x0000000768100000, 0x00000007a0000000)
  object space 132096K, 42% used [0x0000000760000000,0x0000000763705cc0,0x0000000768100000)
 Metaspace       used 70461K, capacity 73766K, committed 74008K, reserved 1114112K
  class space    used 9403K, capacity 10208K, committed 10272K, reserved 1048576K
}

