# JRE version: Java(TM) SE Runtime Environment (8.0_141-b15) (build 1.8.0_141-b15)
# Java VM: Java HotSpot(TM) 64-Bit Server VM (25.141-b15 mixed mode bsd-amd64 compressed oops)
Heap:
 PSYoungGen      total 278016K, used 56702K [0x00000007a0000000, 0x00000007b9a00000, 0x00000007c0000000)
  eden space 261120K, 21% used [0x00000007a0000000,0x00000007a375f818,0x00000007aff00000)
  from space 16896K, 0% used [0x00000007aff00000,0x00000007aff00000,0x00000007b0f80000)
  to   space 16896K, 0% used [0x00000007b8980000,0x00000007b8980000,0x00000007b9a00000)
 ParOldGen       total 91136K, used 30342K [0x0000000760000000, 0x0000000765900000, 0x00000007a0000000)
  object space 91136K, 33% used [0x0000000760000000,0x0000000761da1870,0x0000000765900000)
 Metaspace       used 60137K, capacity 61832K, committed 62208K, reserved 1103872K
  class space    used 8166K, capacity 8580K, committed 8704K, reserved 1048576K
GC Heap History (10 events):
Event: 53.664 GC heap before
{Heap before GC invocations=12 (full 2):
 PSYoungGen      total 125952K, used 114688K [0x00000007a0000000, 0x00000007ac280000, 0x00000007c0000000)
  eden space 114688K, 100% used [0x00000007a0000000,0x00000007a7000000,0x00000007a7000000)
  from space 11264K, 0% used [0x00000007a7000000,0x00000007a7000000,0x00000007a7b00000)
  to   space 10752K, 0% used [0x00000007ab800000,0x00000007ab800000,0x00000007ac280000)
 ParOldGen       total 59904K, used 13690K [0x0000000760000000, 0x0000000763a80000, 0x00000007a0000000)
  object space 59904K, 22% used [0x0000000760000000,0x0000000760d5e9d8,0x0000000763a80000)
 Metaspace       used 43328K, capacity 44132K, committed 44416K, reserved 1087488K
  class space    used 6005K, capacity 6251K, committed 6272K, reserved 1048576K
Event: 53.684 GC heap after
Heap after GC invocations=12 (full 2):
 PSYoungGen      total 185856K, used 10744K [0x00000007a0000000, 0x00000007ac300000, 0x00000007c0000000)
  eden space 175104K, 0% used [0x00000007a0000000,0x00000007a0000000,0x00000007aab00000)
  from space 10752K, 99% used [0x00000007ab800000,0x00000007ac27e3b8,0x00000007ac280000)
  to   space 12288K, 0% used [0x00000007aab00000,0x00000007aab00000,0x00000007ab700000)
 ParOldGen       total 59904K, used 14774K [0x0000000760000000, 0x0000000763a80000, 0x00000007a0000000)
  object space 59904K, 24% used [0x0000000760000000,0x0000000760e6d8f0,0x0000000763a80000)
 Metaspace       used 43328K, capacity 44132K, committed 44416K, reserved 1087488K
  class space    used 6005K, capacity 6251K, committed 6272K, reserved 1048576K
}
Event: 56.961 GC heap before
{Heap before GC invocations=13 (full 2):
 PSYoungGen      total 185856K, used 185848K [0x00000007a0000000, 0x00000007ac300000, 0x00000007c0000000)
  eden space 175104K, 100% used [0x00000007a0000000,0x00000007aab00000,0x00000007aab00000)
  from space 10752K, 99% used [0x00000007ab800000,0x00000007ac27e3b8,0x00000007ac280000)
  to   space 12288K, 0% used [0x00000007aab00000,0x00000007aab00000,0x00000007ab700000)
 ParOldGen       total 59904K, used 14774K [0x0000000760000000, 0x0000000763a80000, 0x00000007a0000000)
  object space 59904K, 24% used [0x0000000760000000,0x0000000760e6d8f0,0x0000000763a80000)
 Metaspace       used 47971K, capacity 49076K, committed 49152K, reserved 1091584K
  class space    used 6561K, capacity 6881K, committed 6912K, reserved 1048576K
Event: 56.994 GC heap after
Heap after GC invocations=13 (full 2):
 PSYoungGen      total 187392K, used 8676K [0x00000007a0000000, 0x00000007b1b80000, 0x00000007c0000000)
  eden space 175104K, 0% used [0x00000007a0000000,0x00000007a0000000,0x00000007aab00000)
  from space 12288K, 70% used [0x00000007aab00000,0x00000007ab379258,0x00000007ab700000)
  to   space 12288K, 0% used [0x00000007b0f80000,0x00000007b0f80000,0x00000007b1b80000)
 ParOldGen       total 59904K, used 22914K [0x0000000760000000, 0x0000000763a80000, 0x00000007a0000000)
  object space 59904K, 38% used [0x0000000760000000,0x0000000761660b38,0x0000000763a80000)
 Metaspace       used 47971K, capacity 49076K, committed 49152K, reserved 1091584K
  class space    used 6561K, capacity 6881K, committed 6912K, reserved 1048576K
}
Event: 63.677 GC heap before
{Heap before GC invocations=14 (full 2):
 PSYoungGen      total 187392K, used 183780K [0x00000007a0000000, 0x00000007b1b80000, 0x00000007c0000000)
  eden space 175104K, 100% used [0x00000007a0000000,0x00000007aab00000,0x00000007aab00000)
  from space 12288K, 70% used [0x00000007aab00000,0x00000007ab379258,0x00000007ab700000)
  to   space 12288K, 0% used [0x00000007b0f80000,0x00000007b0f80000,0x00000007b1b80000)
 ParOldGen       total 59904K, used 22914K [0x0000000760000000, 0x0000000763a80000, 0x00000007a0000000)
  object space 59904K, 38% used [0x0000000760000000,0x0000000761660b38,0x0000000763a80000)
 Metaspace       used 54374K, capacity 55882K, committed 56192K, reserved 1097728K
  class space    used 7439K, capacity 7760K, committed 7808K, reserved 1048576K
Event: 63.723 GC heap after
Heap after GC invocations=14 (full 2):
 PSYoungGen      total 273408K, used 12286K [0x00000007a0000000, 0x00000007b2200000, 0x00000007c0000000)
  eden space 261120K, 0% used [0x00000007a0000000,0x00000007a0000000,0x00000007aff00000)
  from space 12288K, 99% used [0x00000007b0f80000,0x00000007b1b7fb18,0x00000007b1b80000)
  to   space 16896K, 0% used [0x00000007aff00000,0x00000007aff00000,0x00000007b0f80000)
 ParOldGen       total 59904K, used 30513K [0x0000000760000000, 0x0000000763a80000, 0x00000007a0000000)
  object space 59904K, 50% used [0x0000000760000000,0x0000000761dcc6c8,0x0000000763a80000)
 Metaspace       used 54374K, capacity 55882K, committed 56192K, reserved 1097728K
  class space    used 7439K, capacity 7760K, committed 7808K, reserved 1048576K
}
Event: 91.555 GC heap before
{Heap before GC invocations=15 (full 2):
 PSYoungGen      total 273408K, used 144362K [0x00000007a0000000, 0x00000007b2200000, 0x00000007c0000000)
  eden space 261120K, 50% used [0x00000007a0000000,0x00000007a80fadf0,0x00000007aff00000)
  from space 12288K, 99% used [0x00000007b0f80000,0x00000007b1b7fb18,0x00000007b1b80000)
  to   space 16896K, 0% used [0x00000007aff00000,0x00000007aff00000,0x00000007b0f80000)
 ParOldGen       total 59904K, used 30513K [0x0000000760000000, 0x0000000763a80000, 0x00000007a0000000)
  object space 59904K, 50% used [0x0000000760000000,0x0000000761dcc6c8,0x0000000763a80000)
 Metaspace       used 57419K, capacity 58988K, committed 59028K, reserved 1099776K
  class space    used 7790K, capacity 8159K, committed 8192K, reserved 1048576K
Event: 91.593 GC heap after
Heap after GC invocations=15 (full 2):
 PSYoungGen      total 278016K, used 2693K [0x00000007a0000000, 0x00000007b9a00000, 0x00000007c0000000)
  eden space 261120K, 0% used [0x00000007a0000000,0x00000007a0000000,0x00000007aff00000)
  from space 16896K, 15% used [0x00000007aff00000,0x00000007b01a1428,0x00000007b0f80000)
  to   space 16896K, 0% used [0x00000007b8980000,0x00000007b8980000,0x00000007b9a00000)
 ParOldGen       total 59904K, used 41181K [0x0000000760000000, 0x0000000763a80000, 0x00000007a0000000)
  object space 59904K, 68% used [0x0000000760000000,0x0000000762837548,0x0000000763a80000)
 Metaspace       used 57419K, capacity 58988K, committed 59028K, reserved 1099776K
  class space    used 7790K, capacity 8159K, committed 8192K, reserved 1048576K
}
Event: 91.594 GC heap before
{Heap before GC invocations=16 (full 3):
 PSYoungGen      total 278016K, used 2693K [0x00000007a0000000, 0x00000007b9a00000, 0x00000007c0000000)
  eden space 261120K, 0% used [0x00000007a0000000,0x00000007a0000000,0x00000007aff00000)
  from space 16896K, 15% used [0x00000007aff00000,0x00000007b01a1428,0x00000007b0f80000)
  to   space 16896K, 0% used [0x00000007b8980000,0x00000007b8980000,0x00000007b9a00000)
 ParOldGen       total 59904K, used 41181K [0x0000000760000000, 0x0000000763a80000, 0x00000007a0000000)
  object space 59904K, 68% used [0x0000000760000000,0x0000000762837548,0x0000000763a80000)
 Metaspace       used 57419K, capacity 58988K, committed 59028K, reserved 1099776K
  class space    used 7790K, capacity 8159K, committed 8192K, reserved 1048576K
Event: 91.966 GC heap after
Heap after GC invocations=16 (full 3):
 PSYoungGen      total 278016K, used 0K [0x00000007a0000000, 0x00000007b9a00000, 0x00000007c0000000)
  eden space 261120K, 0% used [0x00000007a0000000,0x00000007a0000000,0x00000007aff00000)
  from space 16896K, 0% used [0x00000007aff00000,0x00000007aff00000,0x00000007b0f80000)
  to   space 16896K, 0% used [0x00000007b8980000,0x00000007b8980000,0x00000007b9a00000)
 ParOldGen       total 91136K, used 30342K [0x0000000760000000, 0x0000000765900000, 0x00000007a0000000)
  object space 91136K, 33% used [0x0000000760000000,0x0000000761da1870,0x0000000765900000)
 Metaspace       used 57412K, capacity 58970K, committed 59028K, reserved 1099776K
  class space    used 7788K, capacity 8156K, committed 8192K, reserved 1048576K
}

