# JRE version: Java(TM) SE Runtime Environment (8.0_141-b15) (build 1.8.0_141-b15)
# Java VM: Java HotSpot(TM) 64-Bit Server VM (25.141-b15 mixed mode bsd-amd64 compressed oops)
Heap:
 PSYoungGen      total 326144K, used 78803K [0x00000007a0000000, 0x00000007b7400000, 0x00000007c0000000)
  eden space 313856K, 21% used [0x00000007a0000000,0x00000007a41525f8,0x00000007b3280000)
  from space 12288K, 96% used [0x00000007b6800000,0x00000007b73a27d0,0x00000007b7400000)
  to   space 28160K, 0% used [0x00000007b3d00000,0x00000007b3d00000,0x00000007b5880000)
 ParOldGen       total 164352K, used 47164K [0x0000000760000000, 0x000000076a080000, 0x00000007a0000000)
  object space 164352K, 28% used [0x0000000760000000,0x0000000762e0f1d0,0x000000076a080000)
 Metaspace       used 66310K, capacity 69608K, committed 69808K, reserved 1110016K
  class space    used 9021K, capacity 9870K, committed 9904K, reserved 1048576K
GC Heap History (10 events):
Event: 25.257 GC heap before
{Heap before GC invocations=9 (full 2):
 PSYoungGen      total 192512K, used 182784K [0x00000007a0000000, 0x00000007ad180000, 0x00000007c0000000)
  eden space 182784K, 100% used [0x00000007a0000000,0x00000007ab280000,0x00000007ab280000)
  from space 9728K, 0% used [0x00000007ac800000,0x00000007ac800000,0x00000007ad180000)
  to   space 14336K, 0% used [0x00000007ab580000,0x00000007ab580000,0x00000007ac380000)
 ParOldGen       total 104448K, used 17868K [0x0000000760000000, 0x0000000766600000, 0x00000007a0000000)
  object space 104448K, 17% used [0x0000000760000000,0x0000000761173168,0x0000000766600000)
 Metaspace       used 47466K, capacity 48536K, committed 48944K, reserved 1091584K
  class space    used 6490K, capacity 6854K, committed 6960K, reserved 1048576K
Event: 25.285 GC heap after
Heap after GC invocations=9 (full 2):
 PSYoungGen      total 200192K, used 14335K [0x00000007a0000000, 0x00000007b2480000, 0x00000007c0000000)
  eden space 185856K, 0% used [0x00000007a0000000,0x00000007a0000000,0x00000007ab580000)
  from space 14336K, 99% used [0x00000007ab580000,0x00000007ac37fd58,0x00000007ac380000)
  to   space 17408K, 0% used [0x00000007b1380000,0x00000007b1380000,0x00000007b2480000)
 ParOldGen       total 104448K, used 20158K [0x0000000760000000, 0x0000000766600000, 0x00000007a0000000)
  object space 104448K, 19% used [0x0000000760000000,0x00000007613af820,0x0000000766600000)
 Metaspace       used 47466K, capacity 48536K, committed 48944K, reserved 1091584K
  class space    used 6490K, capacity 6854K, committed 6960K, reserved 1048576K
}
Event: 27.679 GC heap before
{Heap before GC invocations=10 (full 2):
 PSYoungGen      total 200192K, used 200191K [0x00000007a0000000, 0x00000007b2480000, 0x00000007c0000000)
  eden space 185856K, 100% used [0x00000007a0000000,0x00000007ab580000,0x00000007ab580000)
  from space 14336K, 99% used [0x00000007ab580000,0x00000007ac37fd58,0x00000007ac380000)
  to   space 17408K, 0% used [0x00000007b1380000,0x00000007b1380000,0x00000007b2480000)
 ParOldGen       total 104448K, used 20158K [0x0000000760000000, 0x0000000766600000, 0x00000007a0000000)
  object space 104448K, 19% used [0x0000000760000000,0x00000007613af820,0x0000000766600000)
 Metaspace       used 54049K, capacity 55768K, committed 55856K, reserved 1097728K
  class space    used 7504K, capacity 7948K, committed 7984K, reserved 1048576K
Event: 27.717 GC heap after
Heap after GC invocations=10 (full 2):
 PSYoungGen      total 277504K, used 17385K [0x00000007a0000000, 0x00000007b3500000, 0x00000007c0000000)
  eden space 260096K, 0% used [0x00000007a0000000,0x00000007a0000000,0x00000007afe00000)
  from space 17408K, 99% used [0x00000007b1380000,0x00000007b247a7b0,0x00000007b2480000)
  to   space 22016K, 0% used [0x00000007afe00000,0x00000007afe00000,0x00000007b1380000)
 ParOldGen       total 104448K, used 24393K [0x0000000760000000, 0x0000000766600000, 0x00000007a0000000)
  object space 104448K, 23% used [0x0000000760000000,0x00000007617d26a8,0x0000000766600000)
 Metaspace       used 54049K, capacity 55768K, committed 55856K, reserved 1097728K
  class space    used 7504K, capacity 7948K, committed 7984K, reserved 1048576K
}
Event: 30.399 GC heap before
{Heap before GC invocations=11 (full 2):
 PSYoungGen      total 277504K, used 193729K [0x00000007a0000000, 0x00000007b3500000, 0x00000007c0000000)
  eden space 260096K, 67% used [0x00000007a0000000,0x00000007aac35d60,0x00000007afe00000)
  from space 17408K, 99% used [0x00000007b1380000,0x00000007b247a7b0,0x00000007b2480000)
  to   space 22016K, 0% used [0x00000007afe00000,0x00000007afe00000,0x00000007b1380000)
 ParOldGen       total 104448K, used 24393K [0x0000000760000000, 0x0000000766600000, 0x00000007a0000000)
  object space 104448K, 23% used [0x0000000760000000,0x00000007617d26a8,0x0000000766600000)
 Metaspace       used 56901K, capacity 59012K, committed 59160K, reserved 1099776K
  class space    used 7919K, capacity 8470K, committed 8496K, reserved 1048576K
Event: 30.458 GC heap after
Heap after GC invocations=11 (full 2):
 PSYoungGen      total 282112K, used 22012K [0x00000007a0000000, 0x00000007b8500000, 0x00000007c0000000)
  eden space 260096K, 0% used [0x00000007a0000000,0x00000007a0000000,0x00000007afe00000)
  from space 22016K, 99% used [0x00000007afe00000,0x00000007b137f2e0,0x00000007b1380000)
  to   space 29696K, 0% used [0x00000007b6800000,0x00000007b6800000,0x00000007b8500000)
 ParOldGen       total 104448K, used 35355K [0x0000000760000000, 0x0000000766600000, 0x00000007a0000000)
  object space 104448K, 33% used [0x0000000760000000,0x0000000762286f60,0x0000000766600000)
 Metaspace       used 56901K, capacity 59012K, committed 59160K, reserved 1099776K
  class space    used 7919K, capacity 8470K, committed 8496K, reserved 1048576K
}
Event: 30.459 GC heap before
{Heap before GC invocations=12 (full 3):
 PSYoungGen      total 282112K, used 22012K [0x00000007a0000000, 0x00000007b8500000, 0x00000007c0000000)
  eden space 260096K, 0% used [0x00000007a0000000,0x00000007a0000000,0x00000007afe00000)
  from space 22016K, 99% used [0x00000007afe00000,0x00000007b137f2e0,0x00000007b1380000)
  to   space 29696K, 0% used [0x00000007b6800000,0x00000007b6800000,0x00000007b8500000)
 ParOldGen       total 104448K, used 35355K [0x0000000760000000, 0x0000000766600000, 0x00000007a0000000)
  object space 104448K, 33% used [0x0000000760000000,0x0000000762286f60,0x0000000766600000)
 Metaspace       used 56901K, capacity 59012K, committed 59160K, reserved 1099776K
  class space    used 7919K, capacity 8470K, committed 8496K, reserved 1048576K
Event: 30.788 GC heap after
Heap after GC invocations=12 (full 3):
 PSYoungGen      total 282112K, used 0K [0x00000007a0000000, 0x00000007b8500000, 0x00000007c0000000)
  eden space 260096K, 0% used [0x00000007a0000000,0x00000007a0000000,0x00000007afe00000)
  from space 22016K, 0% used [0x00000007afe00000,0x00000007afe00000,0x00000007b1380000)
  to   space 29696K, 0% used [0x00000007b6800000,0x00000007b6800000,0x00000007b8500000)
 ParOldGen       total 164352K, used 47156K [0x0000000760000000, 0x000000076a080000, 0x00000007a0000000)
  object space 164352K, 28% used [0x0000000760000000,0x0000000762e0d1d0,0x000000076a080000)
 Metaspace       used 56901K, capacity 59012K, committed 59160K, reserved 1099776K
  class space    used 7919K, capacity 8470K, committed 8496K, reserved 1048576K
}
Event: 309.027 GC heap before
{Heap before GC invocations=13 (full 3):
 PSYoungGen      total 282112K, used 260096K [0x00000007a0000000, 0x00000007b8500000, 0x00000007c0000000)
  eden space 260096K, 100% used [0x00000007a0000000,0x00000007afe00000,0x00000007afe00000)
  from space 22016K, 0% used [0x00000007afe00000,0x00000007afe00000,0x00000007b1380000)
  to   space 29696K, 0% used [0x00000007b6800000,0x00000007b6800000,0x00000007b8500000)
 ParOldGen       total 164352K, used 47156K [0x0000000760000000, 0x000000076a080000, 0x00000007a0000000)
  object space 164352K, 28% used [0x0000000760000000,0x0000000762e0d1d0,0x000000076a080000)
 Metaspace       used 64619K, capacity 67756K, committed 68016K, reserved 1107968K
  class space    used 8784K, capacity 9545K, committed 9648K, reserved 1048576K
Event: 309.124 GC heap after
Heap after GC invocations=13 (full 3):
 PSYoungGen      total 326144K, used 11913K [0x00000007a0000000, 0x00000007b7400000, 0x00000007c0000000)
  eden space 313856K, 0% used [0x00000007a0000000,0x00000007a0000000,0x00000007b3280000)
  from space 12288K, 96% used [0x00000007b6800000,0x00000007b73a27d0,0x00000007b7400000)
  to   space 28160K, 0% used [0x00000007b3d00000,0x00000007b3d00000,0x00000007b5880000)
 ParOldGen       total 164352K, used 47164K [0x0000000760000000, 0x000000076a080000, 0x00000007a0000000)
  object space 164352K, 28% used [0x0000000760000000,0x0000000762e0f1d0,0x000000076a080000)
 Metaspace       used 64619K, capacity 67756K, committed 68016K, reserved 1107968K
  class space    used 8784K, capacity 9545K, committed 9648K, reserved 1048576K
}

