# JRE version: Java(TM) SE Runtime Environment (8.0_141-b15) (build 1.8.0_141-b15)
# Java VM: Java HotSpot(TM) 64-Bit Server VM (25.141-b15 mixed mode bsd-amd64 compressed oops)
Heap:
 PSYoungGen      total 237568K, used 231136K [0x00000007a0000000, 0x00000007b6680000, 0x00000007c0000000)
  eden space 226304K, 97% used [0x00000007a0000000,0x00000007ad6b9438,0x00000007add00000)
  from space 11264K, 99% used [0x00000007add00000,0x00000007ae7fed90,0x00000007ae800000)
  to   space 15360K, 0% used [0x00000007b5780000,0x00000007b5780000,0x00000007b6680000)
 ParOldGen       total 64000K, used 21954K [0x0000000760000000, 0x0000000763e80000, 0x00000007a0000000)
  object space 64000K, 34% used [0x0000000760000000,0x0000000761570908,0x0000000763e80000)
 Metaspace       used 57163K, capacity 58942K, committed 59048K, reserved 1099776K
  class space    used 7869K, capacity 8327K, committed 8368K, reserved 1048576K
GC Heap History (10 events):
Event: 23.393 GC heap before
{Heap before GC invocations=7 (full 1):
 PSYoungGen      total 71680K, used 66560K [0x00000007a0000000, 0x00000007a9500000, 0x00000007c0000000)
  eden space 66560K, 100% used [0x00000007a0000000,0x00000007a4100000,0x00000007a4100000)
  from space 5120K, 0% used [0x00000007a4100000,0x00000007a4100000,0x00000007a4600000)
  to   space 9728K, 0% used [0x00000007a8b80000,0x00000007a8b80000,0x00000007a9500000)
 ParOldGen       total 49152K, used 7446K [0x0000000760000000, 0x0000000763000000, 0x00000007a0000000)
  object space 49152K, 15% used [0x0000000760000000,0x0000000760745950,0x0000000763000000)
 Metaspace       used 25519K, capacity 26080K, committed 26416K, reserved 1071104K
  class space    used 3558K, capacity 3761K, committed 3888K, reserved 1048576K
Event: 23.409 GC heap after
Heap after GC invocations=7 (full 1):
 PSYoungGen      total 131072K, used 6702K [0x00000007a0000000, 0x00000007a9280000, 0x00000007c0000000)
  eden space 123904K, 0% used [0x00000007a0000000,0x00000007a0000000,0x00000007a7900000)
  from space 7168K, 93% used [0x00000007a8b80000,0x00000007a920baf8,0x00000007a9280000)
  to   space 9728K, 0% used [0x00000007a7f80000,0x00000007a7f80000,0x00000007a8900000)
 ParOldGen       total 49152K, used 7454K [0x0000000760000000, 0x0000000763000000, 0x00000007a0000000)
  object space 49152K, 15% used [0x0000000760000000,0x0000000760747950,0x0000000763000000)
 Metaspace       used 25519K, capacity 26080K, committed 26416K, reserved 1071104K
  class space    used 3558K, capacity 3761K, committed 3888K, reserved 1048576K
}
Event: 52.224 GC heap before
{Heap before GC invocations=8 (full 1):
 PSYoungGen      total 131072K, used 130606K [0x00000007a0000000, 0x00000007a9280000, 0x00000007c0000000)
  eden space 123904K, 100% used [0x00000007a0000000,0x00000007a7900000,0x00000007a7900000)
  from space 7168K, 93% used [0x00000007a8b80000,0x00000007a920baf8,0x00000007a9280000)
  to   space 9728K, 0% used [0x00000007a7f80000,0x00000007a7f80000,0x00000007a8900000)
 ParOldGen       total 49152K, used 7454K [0x0000000760000000, 0x0000000763000000, 0x00000007a0000000)
  object space 49152K, 15% used [0x0000000760000000,0x0000000760747950,0x0000000763000000)
 Metaspace       used 31402K, capacity 32064K, committed 32304K, reserved 1077248K
  class space    used 4367K, capacity 4563K, committed 4656K, reserved 1048576K
Event: 52.252 GC heap after
Heap after GC invocations=8 (full 1):
 PSYoungGen      total 140288K, used 9709K [0x00000007a0000000, 0x00000007af300000, 0x00000007c0000000)
  eden space 130560K, 0% used [0x00000007a0000000,0x00000007a0000000,0x00000007a7f80000)
  from space 9728K, 99% used [0x00000007a7f80000,0x00000007a88fb620,0x00000007a8900000)
  to   space 11264K, 0% used [0x00000007ae800000,0x00000007ae800000,0x00000007af300000)
 ParOldGen       total 49152K, used 8082K [0x0000000760000000, 0x0000000763000000, 0x00000007a0000000)
  object space 49152K, 16% used [0x0000000760000000,0x00000007607e4ba0,0x0000000763000000)
 Metaspace       used 31402K, capacity 32064K, committed 32304K, reserved 1077248K
  class space    used 4367K, capacity 4563K, committed 4656K, reserved 1048576K
}
Event: 52.684 GC heap before
{Heap before GC invocations=9 (full 1):
 PSYoungGen      total 140288K, used 27839K [0x00000007a0000000, 0x00000007af300000, 0x00000007c0000000)
  eden space 130560K, 13% used [0x00000007a0000000,0x00000007a11b49a8,0x00000007a7f80000)
  from space 9728K, 99% used [0x00000007a7f80000,0x00000007a88fb620,0x00000007a8900000)
  to   space 11264K, 0% used [0x00000007ae800000,0x00000007ae800000,0x00000007af300000)
 ParOldGen       total 49152K, used 8082K [0x0000000760000000, 0x0000000763000000, 0x00000007a0000000)
  object space 49152K, 16% used [0x0000000760000000,0x00000007607e4ba0,0x0000000763000000)
 Metaspace       used 34727K, capacity 35348K, committed 35496K, reserved 1079296K
  class space    used 4812K, capacity 5020K, committed 5040K, reserved 1048576K
Event: 52.697 GC heap after
Heap after GC invocations=9 (full 1):
 PSYoungGen      total 237568K, used 8674K [0x00000007a0000000, 0x00000007b0380000, 0x00000007c0000000)
  eden space 226304K, 0% used [0x00000007a0000000,0x00000007a0000000,0x00000007add00000)
  from space 11264K, 77% used [0x00000007ae800000,0x00000007af078a40,0x00000007af300000)
  to   space 11264K, 0% used [0x00000007add00000,0x00000007add00000,0x00000007ae800000)
 ParOldGen       total 49152K, used 8090K [0x0000000760000000, 0x0000000763000000, 0x00000007a0000000)
  object space 49152K, 16% used [0x0000000760000000,0x00000007607e6ba0,0x0000000763000000)
 Metaspace       used 34727K, capacity 35348K, committed 35496K, reserved 1079296K
  class space    used 4812K, capacity 5020K, committed 5040K, reserved 1048576K
}
Event: 52.697 GC heap before
{Heap before GC invocations=10 (full 2):
 PSYoungGen      total 237568K, used 8674K [0x00000007a0000000, 0x00000007b0380000, 0x00000007c0000000)
  eden space 226304K, 0% used [0x00000007a0000000,0x00000007a0000000,0x00000007add00000)
  from space 11264K, 77% used [0x00000007ae800000,0x00000007af078a40,0x00000007af300000)
  to   space 11264K, 0% used [0x00000007add00000,0x00000007add00000,0x00000007ae800000)
 ParOldGen       total 49152K, used 8090K [0x0000000760000000, 0x0000000763000000, 0x00000007a0000000)
  object space 49152K, 16% used [0x0000000760000000,0x00000007607e6ba0,0x0000000763000000)
 Metaspace       used 34727K, capacity 35348K, committed 35496K, reserved 1079296K
  class space    used 4812K, capacity 5020K, committed 5040K, reserved 1048576K
Event: 52.838 GC heap after
Heap after GC invocations=10 (full 2):
 PSYoungGen      total 237568K, used 0K [0x00000007a0000000, 0x00000007b0380000, 0x00000007c0000000)
  eden space 226304K, 0% used [0x00000007a0000000,0x00000007a0000000,0x00000007add00000)
  from space 11264K, 0% used [0x00000007ae800000,0x00000007ae800000,0x00000007af300000)
  to   space 11264K, 0% used [0x00000007add00000,0x00000007add00000,0x00000007ae800000)
 ParOldGen       total 64000K, used 15011K [0x0000000760000000, 0x0000000763e80000, 0x00000007a0000000)
  object space 64000K, 23% used [0x0000000760000000,0x0000000760ea8dc0,0x0000000763e80000)
 Metaspace       used 34727K, capacity 35348K, committed 35496K, reserved 1079296K
  class space    used 4812K, capacity 5020K, committed 5040K, reserved 1048576K
}
Event: 56.693 GC heap before
{Heap before GC invocations=11 (full 2):
 PSYoungGen      total 237568K, used 226304K [0x00000007a0000000, 0x00000007b0380000, 0x00000007c0000000)
  eden space 226304K, 100% used [0x00000007a0000000,0x00000007add00000,0x00000007add00000)
  from space 11264K, 0% used [0x00000007ae800000,0x00000007ae800000,0x00000007af300000)
  to   space 11264K, 0% used [0x00000007add00000,0x00000007add00000,0x00000007ae800000)
 ParOldGen       total 64000K, used 15011K [0x0000000760000000, 0x0000000763e80000, 0x00000007a0000000)
  object space 64000K, 23% used [0x0000000760000000,0x0000000760ea8dc0,0x0000000763e80000)
 Metaspace       used 47097K, capacity 48102K, committed 48168K, reserved 1091584K
  class space    used 6382K, capacity 6698K, committed 6704K, reserved 1048576K
Event: 56.740 GC heap after
Heap after GC invocations=11 (full 2):
 PSYoungGen      total 237568K, used 11259K [0x00000007a0000000, 0x00000007b6680000, 0x00000007c0000000)
  eden space 226304K, 0% used [0x00000007a0000000,0x00000007a0000000,0x00000007add00000)
  from space 11264K, 99% used [0x00000007add00000,0x00000007ae7fed90,0x00000007ae800000)
  to   space 15360K, 0% used [0x00000007b5780000,0x00000007b5780000,0x00000007b6680000)
 ParOldGen       total 64000K, used 21954K [0x0000000760000000, 0x0000000763e80000, 0x00000007a0000000)
  object space 64000K, 34% used [0x0000000760000000,0x0000000761570908,0x0000000763e80000)
 Metaspace       used 47097K, capacity 48102K, committed 48168K, reserved 1091584K
  class space    used 6382K, capacity 6698K, committed 6704K, reserved 1048576K
}

